<?xml version="1.0" encoding="UTF-8"?>
<testsuite name="hexlet.code.controller.TaskControllerTest" tests="6" skipped="0" failures="3" errors="0" timestamp="2024-02-06T17:53:12" hostname="MacBook-Air-Roma.local" time="0.779">
  <properties/>
  <testcase name="testShow()" classname="hexlet.code.controller.TaskControllerTest" time="0.204">
    <failure message="java.lang.NullPointerException: Cannot invoke &quot;java.time.LocalDate.format(java.time.format.DateTimeFormatter)&quot; because the return value of &quot;hexlet.code.model.Task.getCreatedAt()&quot; is null" type="java.lang.NullPointerException">java.lang.NullPointerException: Cannot invoke &quot;java.time.LocalDate.format(java.time.format.DateTimeFormatter)&quot; because the return value of &quot;hexlet.code.model.Task.getCreatedAt()&quot; is null
	at hexlet.code.controller.TaskControllerTest.lambda$testShow$7(TaskControllerTest.java:139)
	at net.javacrumbs.jsonunit.assertj.JsonAssert.lambda$and$0(JsonAssert.java:105)
	at java.base/java.util.Spliterators$ArraySpliterator.forEachRemaining(Spliterators.java:1006)
	at java.base/java.util.stream.ReferencePipeline$Head.forEach(ReferencePipeline.java:762)
	at net.javacrumbs.jsonunit.assertj.JsonAssert.and(JsonAssert.java:105)
	at hexlet.code.controller.TaskControllerTest.testShow(TaskControllerTest.java:131)
	at java.base/jdk.internal.reflect.DirectMethodHandleAccessor.invoke(DirectMethodHandleAccessor.java:104)
	at java.base/java.lang.reflect.Method.invoke(Method.java:578)
	at org.junit.platform.commons.util.ReflectionUtils.invokeMethod(ReflectionUtils.java:728)
	at org.junit.jupiter.engine.execution.MethodInvocation.proceed(MethodInvocation.java:60)
	at org.junit.jupiter.engine.execution.InvocationInterceptorChain$ValidatingInvocation.proceed(InvocationInterceptorChain.java:131)
	at org.junit.jupiter.engine.extension.TimeoutExtension.intercept(TimeoutExtension.java:156)
	at org.junit.jupiter.engine.extension.TimeoutExtension.interceptTestableMethod(TimeoutExtension.java:147)
	at org.junit.jupiter.engine.extension.TimeoutExtension.interceptTestMethod(TimeoutExtension.java:86)
	at org.junit.jupiter.engine.execution.InterceptingExecutableInvoker$ReflectiveInterceptorCall.lambda$ofVoidMethod$0(InterceptingExecutableInvoker.java:103)
	at org.junit.jupiter.engine.execution.InterceptingExecutableInvoker.lambda$invoke$0(InterceptingExecutableInvoker.java:93)
	at org.junit.jupiter.engine.execution.InvocationInterceptorChain$InterceptedInvocation.proceed(InvocationInterceptorChain.java:106)
	at org.junit.jupiter.engine.execution.InvocationInterceptorChain.proceed(InvocationInterceptorChain.java:64)
	at org.junit.jupiter.engine.execution.InvocationInterceptorChain.chainAndInvoke(InvocationInterceptorChain.java:45)
	at org.junit.jupiter.engine.execution.InvocationInterceptorChain.invoke(InvocationInterceptorChain.java:37)
	at org.junit.jupiter.engine.execution.InterceptingExecutableInvoker.invoke(InterceptingExecutableInvoker.java:92)
	at org.junit.jupiter.engine.execution.InterceptingExecutableInvoker.invoke(InterceptingExecutableInvoker.java:86)
	at org.junit.jupiter.engine.descriptor.TestMethodTestDescriptor.lambda$invokeTestMethod$7(TestMethodTestDescriptor.java:218)
	at org.junit.platform.engine.support.hierarchical.ThrowableCollector.execute(ThrowableCollector.java:73)
	at org.junit.jupiter.engine.descriptor.TestMethodTestDescriptor.invokeTestMethod(TestMethodTestDescriptor.java:214)
	at org.junit.jupiter.engine.descriptor.TestMethodTestDescriptor.execute(TestMethodTestDescriptor.java:139)
	at org.junit.jupiter.engine.descriptor.TestMethodTestDescriptor.execute(TestMethodTestDescriptor.java:69)
	at org.junit.platform.engine.support.hierarchical.NodeTestTask.lambda$executeRecursively$6(NodeTestTask.java:151)
	at org.junit.platform.engine.support.hierarchical.ThrowableCollector.execute(ThrowableCollector.java:73)
	at org.junit.platform.engine.support.hierarchical.NodeTestTask.lambda$executeRecursively$8(NodeTestTask.java:141)
	at org.junit.platform.engine.support.hierarchical.Node.around(Node.java:137)
	at org.junit.platform.engine.support.hierarchical.NodeTestTask.lambda$executeRecursively$9(NodeTestTask.java:139)
	at org.junit.platform.engine.support.hierarchical.ThrowableCollector.execute(ThrowableCollector.java:73)
	at org.junit.platform.engine.support.hierarchical.NodeTestTask.executeRecursively(NodeTestTask.java:138)
	at org.junit.platform.engine.support.hierarchical.NodeTestTask.execute(NodeTestTask.java:95)
	at java.base/java.util.ArrayList.forEach(ArrayList.java:1511)
	at org.junit.platform.engine.support.hierarchical.SameThreadHierarchicalTestExecutorService.invokeAll(SameThreadHierarchicalTestExecutorService.java:41)
	at org.junit.platform.engine.support.hierarchical.NodeTestTask.lambda$executeRecursively$6(NodeTestTask.java:155)
	at org.junit.platform.engine.support.hierarchical.ThrowableCollector.execute(ThrowableCollector.java:73)
	at org.junit.platform.engine.support.hierarchical.NodeTestTask.lambda$executeRecursively$8(NodeTestTask.java:141)
	at org.junit.platform.engine.support.hierarchical.Node.around(Node.java:137)
	at org.junit.platform.engine.support.hierarchical.NodeTestTask.lambda$executeRecursively$9(NodeTestTask.java:139)
	at org.junit.platform.engine.support.hierarchical.ThrowableCollector.execute(ThrowableCollector.java:73)
	at org.junit.platform.engine.support.hierarchical.NodeTestTask.executeRecursively(NodeTestTask.java:138)
	at org.junit.platform.engine.support.hierarchical.NodeTestTask.execute(NodeTestTask.java:95)
	at java.base/java.util.ArrayList.forEach(ArrayList.java:1511)
	at org.junit.platform.engine.support.hierarchical.SameThreadHierarchicalTestExecutorService.invokeAll(SameThreadHierarchicalTestExecutorService.java:41)
	at org.junit.platform.engine.support.hierarchical.NodeTestTask.lambda$executeRecursively$6(NodeTestTask.java:155)
	at org.junit.platform.engine.support.hierarchical.ThrowableCollector.execute(ThrowableCollector.java:73)
	at org.junit.platform.engine.support.hierarchical.NodeTestTask.lambda$executeRecursively$8(NodeTestTask.java:141)
	at org.junit.platform.engine.support.hierarchical.Node.around(Node.java:137)
	at org.junit.platform.engine.support.hierarchical.NodeTestTask.lambda$executeRecursively$9(NodeTestTask.java:139)
	at org.junit.platform.engine.support.hierarchical.ThrowableCollector.execute(ThrowableCollector.java:73)
	at org.junit.platform.engine.support.hierarchical.NodeTestTask.executeRecursively(NodeTestTask.java:138)
	at org.junit.platform.engine.support.hierarchical.NodeTestTask.execute(NodeTestTask.java:95)
	at org.junit.platform.engine.support.hierarchical.SameThreadHierarchicalTestExecutorService.submit(SameThreadHierarchicalTestExecutorService.java:35)
	at org.junit.platform.engine.support.hierarchical.HierarchicalTestExecutor.execute(HierarchicalTestExecutor.java:57)
	at org.junit.platform.engine.support.hierarchical.HierarchicalTestEngine.execute(HierarchicalTestEngine.java:54)
	at org.junit.platform.launcher.core.EngineExecutionOrchestrator.execute(EngineExecutionOrchestrator.java:107)
	at org.junit.platform.launcher.core.EngineExecutionOrchestrator.execute(EngineExecutionOrchestrator.java:88)
	at org.junit.platform.launcher.core.EngineExecutionOrchestrator.lambda$execute$0(EngineExecutionOrchestrator.java:54)
	at org.junit.platform.launcher.core.EngineExecutionOrchestrator.withInterceptedStreams(EngineExecutionOrchestrator.java:67)
	at org.junit.platform.launcher.core.EngineExecutionOrchestrator.execute(EngineExecutionOrchestrator.java:52)
	at org.junit.platform.launcher.core.DefaultLauncher.execute(DefaultLauncher.java:114)
	at org.junit.platform.launcher.core.DefaultLauncher.execute(DefaultLauncher.java:86)
	at org.junit.platform.launcher.core.DefaultLauncherSession$DelegatingLauncher.execute(DefaultLauncherSession.java:86)
	at org.gradle.api.internal.tasks.testing.junitplatform.JUnitPlatformTestClassProcessor$CollectAllTestClassesExecutor.processAllTestClasses(JUnitPlatformTestClassProcessor.java:119)
	at org.gradle.api.internal.tasks.testing.junitplatform.JUnitPlatformTestClassProcessor$CollectAllTestClassesExecutor.access$000(JUnitPlatformTestClassProcessor.java:94)
	at org.gradle.api.internal.tasks.testing.junitplatform.JUnitPlatformTestClassProcessor.stop(JUnitPlatformTestClassProcessor.java:89)
	at org.gradle.api.internal.tasks.testing.SuiteTestClassProcessor.stop(SuiteTestClassProcessor.java:62)
	at java.base/jdk.internal.reflect.DirectMethodHandleAccessor.invoke(DirectMethodHandleAccessor.java:104)
	at java.base/java.lang.reflect.Method.invoke(Method.java:578)
	at org.gradle.internal.dispatch.ReflectionDispatch.dispatch(ReflectionDispatch.java:36)
	at org.gradle.internal.dispatch.ReflectionDispatch.dispatch(ReflectionDispatch.java:24)
	at org.gradle.internal.dispatch.ContextClassLoaderDispatch.dispatch(ContextClassLoaderDispatch.java:33)
	at org.gradle.internal.dispatch.ProxyDispatchAdapter$DispatchingInvocationHandler.invoke(ProxyDispatchAdapter.java:94)
	at jdk.proxy2/jdk.proxy2.$Proxy5.stop(Unknown Source)
	at org.gradle.api.internal.tasks.testing.worker.TestWorker$3.run(TestWorker.java:193)
	at org.gradle.api.internal.tasks.testing.worker.TestWorker.executeAndMaintainThreadName(TestWorker.java:129)
	at org.gradle.api.internal.tasks.testing.worker.TestWorker.execute(TestWorker.java:100)
	at org.gradle.api.internal.tasks.testing.worker.TestWorker.execute(TestWorker.java:60)
	at org.gradle.process.internal.worker.child.ActionExecutionWorker.execute(ActionExecutionWorker.java:56)
	at org.gradle.process.internal.worker.child.SystemApplicationClassLoaderWorker.call(SystemApplicationClassLoaderWorker.java:113)
	at org.gradle.process.internal.worker.child.SystemApplicationClassLoaderWorker.call(SystemApplicationClassLoaderWorker.java:65)
	at worker.org.gradle.process.internal.worker.GradleWorkerMain.run(GradleWorkerMain.java:69)
	at worker.org.gradle.process.internal.worker.GradleWorkerMain.main(GradleWorkerMain.java:74)
</failure>
  </testcase>
  <testcase name="testGetList()" classname="hexlet.code.controller.TaskControllerTest" time="0.101"/>
  <testcase name="testCreate()" classname="hexlet.code.controller.TaskControllerTest" time="0.164">
    <failure message="java.lang.AssertionError: Status expected:&lt;201&gt; but was:&lt;405&gt;" type="java.lang.AssertionError">java.lang.AssertionError: Status expected:&lt;201&gt; but was:&lt;405&gt;
	at org.springframework.test.util.AssertionErrors.fail(AssertionErrors.java:59)
	at org.springframework.test.util.AssertionErrors.assertEquals(AssertionErrors.java:122)
	at org.springframework.test.web.servlet.result.StatusResultMatchers.lambda$matcher$9(StatusResultMatchers.java:637)
	at org.springframework.test.web.servlet.MockMvc$1.andExpect(MockMvc.java:214)
	at hexlet.code.controller.TaskControllerTest.testCreate(TaskControllerTest.java:165)
	at java.base/jdk.internal.reflect.DirectMethodHandleAccessor.invoke(DirectMethodHandleAccessor.java:104)
	at java.base/java.lang.reflect.Method.invoke(Method.java:578)
	at org.junit.platform.commons.util.ReflectionUtils.invokeMethod(ReflectionUtils.java:728)
	at org.junit.jupiter.engine.execution.MethodInvocation.proceed(MethodInvocation.java:60)
	at org.junit.jupiter.engine.execution.InvocationInterceptorChain$ValidatingInvocation.proceed(InvocationInterceptorChain.java:131)
	at org.junit.jupiter.engine.extension.TimeoutExtension.intercept(TimeoutExtension.java:156)
	at org.junit.jupiter.engine.extension.TimeoutExtension.interceptTestableMethod(TimeoutExtension.java:147)
	at org.junit.jupiter.engine.extension.TimeoutExtension.interceptTestMethod(TimeoutExtension.java:86)
	at org.junit.jupiter.engine.execution.InterceptingExecutableInvoker$ReflectiveInterceptorCall.lambda$ofVoidMethod$0(InterceptingExecutableInvoker.java:103)
	at org.junit.jupiter.engine.execution.InterceptingExecutableInvoker.lambda$invoke$0(InterceptingExecutableInvoker.java:93)
	at org.junit.jupiter.engine.execution.InvocationInterceptorChain$InterceptedInvocation.proceed(InvocationInterceptorChain.java:106)
	at org.junit.jupiter.engine.execution.InvocationInterceptorChain.proceed(InvocationInterceptorChain.java:64)
	at org.junit.jupiter.engine.execution.InvocationInterceptorChain.chainAndInvoke(InvocationInterceptorChain.java:45)
	at org.junit.jupiter.engine.execution.InvocationInterceptorChain.invoke(InvocationInterceptorChain.java:37)
	at org.junit.jupiter.engine.execution.InterceptingExecutableInvoker.invoke(InterceptingExecutableInvoker.java:92)
	at org.junit.jupiter.engine.execution.InterceptingExecutableInvoker.invoke(InterceptingExecutableInvoker.java:86)
	at org.junit.jupiter.engine.descriptor.TestMethodTestDescriptor.lambda$invokeTestMethod$7(TestMethodTestDescriptor.java:218)
	at org.junit.platform.engine.support.hierarchical.ThrowableCollector.execute(ThrowableCollector.java:73)
	at org.junit.jupiter.engine.descriptor.TestMethodTestDescriptor.invokeTestMethod(TestMethodTestDescriptor.java:214)
	at org.junit.jupiter.engine.descriptor.TestMethodTestDescriptor.execute(TestMethodTestDescriptor.java:139)
	at org.junit.jupiter.engine.descriptor.TestMethodTestDescriptor.execute(TestMethodTestDescriptor.java:69)
	at org.junit.platform.engine.support.hierarchical.NodeTestTask.lambda$executeRecursively$6(NodeTestTask.java:151)
	at org.junit.platform.engine.support.hierarchical.ThrowableCollector.execute(ThrowableCollector.java:73)
	at org.junit.platform.engine.support.hierarchical.NodeTestTask.lambda$executeRecursively$8(NodeTestTask.java:141)
	at org.junit.platform.engine.support.hierarchical.Node.around(Node.java:137)
	at org.junit.platform.engine.support.hierarchical.NodeTestTask.lambda$executeRecursively$9(NodeTestTask.java:139)
	at org.junit.platform.engine.support.hierarchical.ThrowableCollector.execute(ThrowableCollector.java:73)
	at org.junit.platform.engine.support.hierarchical.NodeTestTask.executeRecursively(NodeTestTask.java:138)
	at org.junit.platform.engine.support.hierarchical.NodeTestTask.execute(NodeTestTask.java:95)
	at java.base/java.util.ArrayList.forEach(ArrayList.java:1511)
	at org.junit.platform.engine.support.hierarchical.SameThreadHierarchicalTestExecutorService.invokeAll(SameThreadHierarchicalTestExecutorService.java:41)
	at org.junit.platform.engine.support.hierarchical.NodeTestTask.lambda$executeRecursively$6(NodeTestTask.java:155)
	at org.junit.platform.engine.support.hierarchical.ThrowableCollector.execute(ThrowableCollector.java:73)
	at org.junit.platform.engine.support.hierarchical.NodeTestTask.lambda$executeRecursively$8(NodeTestTask.java:141)
	at org.junit.platform.engine.support.hierarchical.Node.around(Node.java:137)
	at org.junit.platform.engine.support.hierarchical.NodeTestTask.lambda$executeRecursively$9(NodeTestTask.java:139)
	at org.junit.platform.engine.support.hierarchical.ThrowableCollector.execute(ThrowableCollector.java:73)
	at org.junit.platform.engine.support.hierarchical.NodeTestTask.executeRecursively(NodeTestTask.java:138)
	at org.junit.platform.engine.support.hierarchical.NodeTestTask.execute(NodeTestTask.java:95)
	at java.base/java.util.ArrayList.forEach(ArrayList.java:1511)
	at org.junit.platform.engine.support.hierarchical.SameThreadHierarchicalTestExecutorService.invokeAll(SameThreadHierarchicalTestExecutorService.java:41)
	at org.junit.platform.engine.support.hierarchical.NodeTestTask.lambda$executeRecursively$6(NodeTestTask.java:155)
	at org.junit.platform.engine.support.hierarchical.ThrowableCollector.execute(ThrowableCollector.java:73)
	at org.junit.platform.engine.support.hierarchical.NodeTestTask.lambda$executeRecursively$8(NodeTestTask.java:141)
	at org.junit.platform.engine.support.hierarchical.Node.around(Node.java:137)
	at org.junit.platform.engine.support.hierarchical.NodeTestTask.lambda$executeRecursively$9(NodeTestTask.java:139)
	at org.junit.platform.engine.support.hierarchical.ThrowableCollector.execute(ThrowableCollector.java:73)
	at org.junit.platform.engine.support.hierarchical.NodeTestTask.executeRecursively(NodeTestTask.java:138)
	at org.junit.platform.engine.support.hierarchical.NodeTestTask.execute(NodeTestTask.java:95)
	at org.junit.platform.engine.support.hierarchical.SameThreadHierarchicalTestExecutorService.submit(SameThreadHierarchicalTestExecutorService.java:35)
	at org.junit.platform.engine.support.hierarchical.HierarchicalTestExecutor.execute(HierarchicalTestExecutor.java:57)
	at org.junit.platform.engine.support.hierarchical.HierarchicalTestEngine.execute(HierarchicalTestEngine.java:54)
	at org.junit.platform.launcher.core.EngineExecutionOrchestrator.execute(EngineExecutionOrchestrator.java:107)
	at org.junit.platform.launcher.core.EngineExecutionOrchestrator.execute(EngineExecutionOrchestrator.java:88)
	at org.junit.platform.launcher.core.EngineExecutionOrchestrator.lambda$execute$0(EngineExecutionOrchestrator.java:54)
	at org.junit.platform.launcher.core.EngineExecutionOrchestrator.withInterceptedStreams(EngineExecutionOrchestrator.java:67)
	at org.junit.platform.launcher.core.EngineExecutionOrchestrator.execute(EngineExecutionOrchestrator.java:52)
	at org.junit.platform.launcher.core.DefaultLauncher.execute(DefaultLauncher.java:114)
	at org.junit.platform.launcher.core.DefaultLauncher.execute(DefaultLauncher.java:86)
	at org.junit.platform.launcher.core.DefaultLauncherSession$DelegatingLauncher.execute(DefaultLauncherSession.java:86)
	at org.gradle.api.internal.tasks.testing.junitplatform.JUnitPlatformTestClassProcessor$CollectAllTestClassesExecutor.processAllTestClasses(JUnitPlatformTestClassProcessor.java:119)
	at org.gradle.api.internal.tasks.testing.junitplatform.JUnitPlatformTestClassProcessor$CollectAllTestClassesExecutor.access$000(JUnitPlatformTestClassProcessor.java:94)
	at org.gradle.api.internal.tasks.testing.junitplatform.JUnitPlatformTestClassProcessor.stop(JUnitPlatformTestClassProcessor.java:89)
	at org.gradle.api.internal.tasks.testing.SuiteTestClassProcessor.stop(SuiteTestClassProcessor.java:62)
	at java.base/jdk.internal.reflect.DirectMethodHandleAccessor.invoke(DirectMethodHandleAccessor.java:104)
	at java.base/java.lang.reflect.Method.invoke(Method.java:578)
	at org.gradle.internal.dispatch.ReflectionDispatch.dispatch(ReflectionDispatch.java:36)
	at org.gradle.internal.dispatch.ReflectionDispatch.dispatch(ReflectionDispatch.java:24)
	at org.gradle.internal.dispatch.ContextClassLoaderDispatch.dispatch(ContextClassLoaderDispatch.java:33)
	at org.gradle.internal.dispatch.ProxyDispatchAdapter$DispatchingInvocationHandler.invoke(ProxyDispatchAdapter.java:94)
	at jdk.proxy2/jdk.proxy2.$Proxy5.stop(Unknown Source)
	at org.gradle.api.internal.tasks.testing.worker.TestWorker$3.run(TestWorker.java:193)
	at org.gradle.api.internal.tasks.testing.worker.TestWorker.executeAndMaintainThreadName(TestWorker.java:129)
	at org.gradle.api.internal.tasks.testing.worker.TestWorker.execute(TestWorker.java:100)
	at org.gradle.api.internal.tasks.testing.worker.TestWorker.execute(TestWorker.java:60)
	at org.gradle.process.internal.worker.child.ActionExecutionWorker.execute(ActionExecutionWorker.java:56)
	at org.gradle.process.internal.worker.child.SystemApplicationClassLoaderWorker.call(SystemApplicationClassLoaderWorker.java:113)
	at org.gradle.process.internal.worker.child.SystemApplicationClassLoaderWorker.call(SystemApplicationClassLoaderWorker.java:65)
	at worker.org.gradle.process.internal.worker.GradleWorkerMain.run(GradleWorkerMain.java:69)
	at worker.org.gradle.process.internal.worker.GradleWorkerMain.main(GradleWorkerMain.java:74)
</failure>
  </testcase>
  <testcase name="testDelete()" classname="hexlet.code.controller.TaskControllerTest" time="0.082"/>
  <testcase name="testGetListWithParams()" classname="hexlet.code.controller.TaskControllerTest" time="0.097">
    <failure message="java.lang.AssertionError: [Node &quot;&quot;] &#10;Expected size: 0 but was: 1 in:&#10;[{&quot;assignee_id&quot;:11,&quot;content&quot;:&quot;Dolorem error dolore error fugit quae.&quot;,&quot;id&quot;:5,&quot;index&quot;:418859902,&quot;status&quot;:&quot;dolores_reiciendis&quot;,&quot;taskLabelIds&quot;:[12],&quot;title&quot;:&quot;sint&quot;}]" type="java.lang.AssertionError">java.lang.AssertionError: [Node &quot;&quot;] 
Expected size: 0 but was: 1 in:
[{&quot;assignee_id&quot;:11,&quot;content&quot;:&quot;Dolorem error dolore error fugit quae.&quot;,&quot;id&quot;:5,&quot;index&quot;:418859902,&quot;status&quot;:&quot;dolores_reiciendis&quot;,&quot;taskLabelIds&quot;:[12],&quot;title&quot;:&quot;sint&quot;}]
	at hexlet.code.controller.TaskControllerTest.testGetListWithParams(TaskControllerTest.java:120)
	at java.base/jdk.internal.reflect.DirectMethodHandleAccessor.invoke(DirectMethodHandleAccessor.java:104)
	at java.base/java.lang.reflect.Method.invoke(Method.java:578)
	at org.junit.platform.commons.util.ReflectionUtils.invokeMethod(ReflectionUtils.java:728)
	at org.junit.jupiter.engine.execution.MethodInvocation.proceed(MethodInvocation.java:60)
	at org.junit.jupiter.engine.execution.InvocationInterceptorChain$ValidatingInvocation.proceed(InvocationInterceptorChain.java:131)
	at org.junit.jupiter.engine.extension.TimeoutExtension.intercept(TimeoutExtension.java:156)
	at org.junit.jupiter.engine.extension.TimeoutExtension.interceptTestableMethod(TimeoutExtension.java:147)
	at org.junit.jupiter.engine.extension.TimeoutExtension.interceptTestMethod(TimeoutExtension.java:86)
	at org.junit.jupiter.engine.execution.InterceptingExecutableInvoker$ReflectiveInterceptorCall.lambda$ofVoidMethod$0(InterceptingExecutableInvoker.java:103)
	at org.junit.jupiter.engine.execution.InterceptingExecutableInvoker.lambda$invoke$0(InterceptingExecutableInvoker.java:93)
	at org.junit.jupiter.engine.execution.InvocationInterceptorChain$InterceptedInvocation.proceed(InvocationInterceptorChain.java:106)
	at org.junit.jupiter.engine.execution.InvocationInterceptorChain.proceed(InvocationInterceptorChain.java:64)
	at org.junit.jupiter.engine.execution.InvocationInterceptorChain.chainAndInvoke(InvocationInterceptorChain.java:45)
	at org.junit.jupiter.engine.execution.InvocationInterceptorChain.invoke(InvocationInterceptorChain.java:37)
	at org.junit.jupiter.engine.execution.InterceptingExecutableInvoker.invoke(InterceptingExecutableInvoker.java:92)
	at org.junit.jupiter.engine.execution.InterceptingExecutableInvoker.invoke(InterceptingExecutableInvoker.java:86)
	at org.junit.jupiter.engine.descriptor.TestMethodTestDescriptor.lambda$invokeTestMethod$7(TestMethodTestDescriptor.java:218)
	at org.junit.platform.engine.support.hierarchical.ThrowableCollector.execute(ThrowableCollector.java:73)
	at org.junit.jupiter.engine.descriptor.TestMethodTestDescriptor.invokeTestMethod(TestMethodTestDescriptor.java:214)
	at org.junit.jupiter.engine.descriptor.TestMethodTestDescriptor.execute(TestMethodTestDescriptor.java:139)
	at org.junit.jupiter.engine.descriptor.TestMethodTestDescriptor.execute(TestMethodTestDescriptor.java:69)
	at org.junit.platform.engine.support.hierarchical.NodeTestTask.lambda$executeRecursively$6(NodeTestTask.java:151)
	at org.junit.platform.engine.support.hierarchical.ThrowableCollector.execute(ThrowableCollector.java:73)
	at org.junit.platform.engine.support.hierarchical.NodeTestTask.lambda$executeRecursively$8(NodeTestTask.java:141)
	at org.junit.platform.engine.support.hierarchical.Node.around(Node.java:137)
	at org.junit.platform.engine.support.hierarchical.NodeTestTask.lambda$executeRecursively$9(NodeTestTask.java:139)
	at org.junit.platform.engine.support.hierarchical.ThrowableCollector.execute(ThrowableCollector.java:73)
	at org.junit.platform.engine.support.hierarchical.NodeTestTask.executeRecursively(NodeTestTask.java:138)
	at org.junit.platform.engine.support.hierarchical.NodeTestTask.execute(NodeTestTask.java:95)
	at java.base/java.util.ArrayList.forEach(ArrayList.java:1511)
	at org.junit.platform.engine.support.hierarchical.SameThreadHierarchicalTestExecutorService.invokeAll(SameThreadHierarchicalTestExecutorService.java:41)
	at org.junit.platform.engine.support.hierarchical.NodeTestTask.lambda$executeRecursively$6(NodeTestTask.java:155)
	at org.junit.platform.engine.support.hierarchical.ThrowableCollector.execute(ThrowableCollector.java:73)
	at org.junit.platform.engine.support.hierarchical.NodeTestTask.lambda$executeRecursively$8(NodeTestTask.java:141)
	at org.junit.platform.engine.support.hierarchical.Node.around(Node.java:137)
	at org.junit.platform.engine.support.hierarchical.NodeTestTask.lambda$executeRecursively$9(NodeTestTask.java:139)
	at org.junit.platform.engine.support.hierarchical.ThrowableCollector.execute(ThrowableCollector.java:73)
	at org.junit.platform.engine.support.hierarchical.NodeTestTask.executeRecursively(NodeTestTask.java:138)
	at org.junit.platform.engine.support.hierarchical.NodeTestTask.execute(NodeTestTask.java:95)
	at java.base/java.util.ArrayList.forEach(ArrayList.java:1511)
	at org.junit.platform.engine.support.hierarchical.SameThreadHierarchicalTestExecutorService.invokeAll(SameThreadHierarchicalTestExecutorService.java:41)
	at org.junit.platform.engine.support.hierarchical.NodeTestTask.lambda$executeRecursively$6(NodeTestTask.java:155)
	at org.junit.platform.engine.support.hierarchical.ThrowableCollector.execute(ThrowableCollector.java:73)
	at org.junit.platform.engine.support.hierarchical.NodeTestTask.lambda$executeRecursively$8(NodeTestTask.java:141)
	at org.junit.platform.engine.support.hierarchical.Node.around(Node.java:137)
	at org.junit.platform.engine.support.hierarchical.NodeTestTask.lambda$executeRecursively$9(NodeTestTask.java:139)
	at org.junit.platform.engine.support.hierarchical.ThrowableCollector.execute(ThrowableCollector.java:73)
	at org.junit.platform.engine.support.hierarchical.NodeTestTask.executeRecursively(NodeTestTask.java:138)
	at org.junit.platform.engine.support.hierarchical.NodeTestTask.execute(NodeTestTask.java:95)
	at org.junit.platform.engine.support.hierarchical.SameThreadHierarchicalTestExecutorService.submit(SameThreadHierarchicalTestExecutorService.java:35)
	at org.junit.platform.engine.support.hierarchical.HierarchicalTestExecutor.execute(HierarchicalTestExecutor.java:57)
	at org.junit.platform.engine.support.hierarchical.HierarchicalTestEngine.execute(HierarchicalTestEngine.java:54)
	at org.junit.platform.launcher.core.EngineExecutionOrchestrator.execute(EngineExecutionOrchestrator.java:107)
	at org.junit.platform.launcher.core.EngineExecutionOrchestrator.execute(EngineExecutionOrchestrator.java:88)
	at org.junit.platform.launcher.core.EngineExecutionOrchestrator.lambda$execute$0(EngineExecutionOrchestrator.java:54)
	at org.junit.platform.launcher.core.EngineExecutionOrchestrator.withInterceptedStreams(EngineExecutionOrchestrator.java:67)
	at org.junit.platform.launcher.core.EngineExecutionOrchestrator.execute(EngineExecutionOrchestrator.java:52)
	at org.junit.platform.launcher.core.DefaultLauncher.execute(DefaultLauncher.java:114)
	at org.junit.platform.launcher.core.DefaultLauncher.execute(DefaultLauncher.java:86)
	at org.junit.platform.launcher.core.DefaultLauncherSession$DelegatingLauncher.execute(DefaultLauncherSession.java:86)
	at org.gradle.api.internal.tasks.testing.junitplatform.JUnitPlatformTestClassProcessor$CollectAllTestClassesExecutor.processAllTestClasses(JUnitPlatformTestClassProcessor.java:119)
	at org.gradle.api.internal.tasks.testing.junitplatform.JUnitPlatformTestClassProcessor$CollectAllTestClassesExecutor.access$000(JUnitPlatformTestClassProcessor.java:94)
	at org.gradle.api.internal.tasks.testing.junitplatform.JUnitPlatformTestClassProcessor.stop(JUnitPlatformTestClassProcessor.java:89)
	at org.gradle.api.internal.tasks.testing.SuiteTestClassProcessor.stop(SuiteTestClassProcessor.java:62)
	at java.base/jdk.internal.reflect.DirectMethodHandleAccessor.invoke(DirectMethodHandleAccessor.java:104)
	at java.base/java.lang.reflect.Method.invoke(Method.java:578)
	at org.gradle.internal.dispatch.ReflectionDispatch.dispatch(ReflectionDispatch.java:36)
	at org.gradle.internal.dispatch.ReflectionDispatch.dispatch(ReflectionDispatch.java:24)
	at org.gradle.internal.dispatch.ContextClassLoaderDispatch.dispatch(ContextClassLoaderDispatch.java:33)
	at org.gradle.internal.dispatch.ProxyDispatchAdapter$DispatchingInvocationHandler.invoke(ProxyDispatchAdapter.java:94)
	at jdk.proxy2/jdk.proxy2.$Proxy5.stop(Unknown Source)
	at org.gradle.api.internal.tasks.testing.worker.TestWorker$3.run(TestWorker.java:193)
	at org.gradle.api.internal.tasks.testing.worker.TestWorker.executeAndMaintainThreadName(TestWorker.java:129)
	at org.gradle.api.internal.tasks.testing.worker.TestWorker.execute(TestWorker.java:100)
	at org.gradle.api.internal.tasks.testing.worker.TestWorker.execute(TestWorker.java:60)
	at org.gradle.process.internal.worker.child.ActionExecutionWorker.execute(ActionExecutionWorker.java:56)
	at org.gradle.process.internal.worker.child.SystemApplicationClassLoaderWorker.call(SystemApplicationClassLoaderWorker.java:113)
	at org.gradle.process.internal.worker.child.SystemApplicationClassLoaderWorker.call(SystemApplicationClassLoaderWorker.java:65)
	at worker.org.gradle.process.internal.worker.GradleWorkerMain.run(GradleWorkerMain.java:69)
	at worker.org.gradle.process.internal.worker.GradleWorkerMain.main(GradleWorkerMain.java:74)
</failure>
  </testcase>
  <testcase name="testUpdate()" classname="hexlet.code.controller.TaskControllerTest" time="0.111"/>
  <system-out><![CDATA[Hibernate: insert into users (created_at,email,first_name,last_name,password_origin,updated_at,id) values (?,?,?,?,?,?,default)
Hibernate: insert into task_statuses (created_at,name,slug,id) values (?,?,?,default)
Hibernate: insert into labels (created_at,name,id) values (?,?,default)
Hibernate: insert into tasks (assignee_id,created_at,description,index,name,status_id,id) values (?,?,?,?,?,?,default)
Hibernate: insert into tasks_labels (task_id,labels_id) values (?,?)
?[2m2024-02-06T23:53:12.842+06:00?[0;39m ?[32mDEBUG?[0;39m ?[35m94428?[0;39m ?[2m---?[0;39m ?[2m[    Test worker]?[0;39m ?[2m?[0;39m?[36mo.s.security.web.FilterChainProxy       ?[0;39m ?[2m:?[0;39m Securing GET /api/tasks/1
?[2m2024-02-06T23:53:12.845+06:00?[0;39m ?[32mDEBUG?[0;39m ?[35m94428?[0;39m ?[2m---?[0;39m ?[2m[    Test worker]?[0;39m ?[2m?[0;39m?[36mo.s.security.web.FilterChainProxy       ?[0;39m ?[2m:?[0;39m Secured GET /api/tasks/1
?[2m2024-02-06T23:53:12.847+06:00?[0;39m ?[32mDEBUG?[0;39m ?[35m94428?[0;39m ?[2m---?[0;39m ?[2m[    Test worker]?[0;39m ?[2m?[0;39m?[36ms.w.s.m.m.a.RequestMappingHandlerMapping?[0;39m ?[2m:?[0;39m Mapped to hexlet.code.controller.TaskController#show(Long)
Hibernate: select t1_0.id,a1_0.id,a1_0.created_at,a1_0.email,a1_0.first_name,a1_0.last_name,a1_0.password_origin,a1_0.updated_at,t1_0.created_at,t1_0.description,t1_0.index,l1_0.task_id,l1_1.id,l1_1.created_at,l1_1.name,t1_0.name,s1_0.id,s1_0.created_at,s1_0.name,s1_0.slug from tasks t1_0 left join users a1_0 on a1_0.id=t1_0.assignee_id left join tasks_labels l1_0 on t1_0.id=l1_0.task_id left join labels l1_1 on l1_1.id=l1_0.labels_id left join task_statuses s1_0 on s1_0.id=t1_0.status_id where t1_0.id=?
?[2m2024-02-06T23:53:12.882+06:00?[0;39m ?[32mDEBUG?[0;39m ?[35m94428?[0;39m ?[2m---?[0;39m ?[2m[    Test worker]?[0;39m ?[2m?[0;39m?[36mm.m.a.RequestResponseBodyMethodProcessor?[0;39m ?[2m:?[0;39m Using 'application/json', given [*/*] and supported [application/json, application/*+json]
?[2m2024-02-06T23:53:12.883+06:00?[0;39m ?[32mDEBUG?[0;39m ?[35m94428?[0;39m ?[2m---?[0;39m ?[2m[    Test worker]?[0;39m ?[2m?[0;39m?[36mm.m.a.RequestResponseBodyMethodProcessor?[0;39m ?[2m:?[0;39m Writing [hexlet.code.dto.task.TaskDTO@61799717]
Hibernate: select t1_0.id,t1_0.assignee_id,t1_0.created_at,t1_0.description,t1_0.index,t1_0.name,t1_0.status_id from tasks t1_0
Hibernate: select u1_0.id,u1_0.created_at,u1_0.email,u1_0.first_name,u1_0.last_name,u1_0.password_origin,u1_0.updated_at from users u1_0 where u1_0.id=?
Hibernate: select ts1_0.id,ts1_0.created_at,ts1_0.name,ts1_0.slug from task_statuses ts1_0 where ts1_0.id=?
Hibernate: select l1_0.task_id,l1_1.id,l1_1.created_at,l1_1.name from tasks_labels l1_0 join labels l1_1 on l1_1.id=l1_0.labels_id where l1_0.task_id=?
Hibernate: delete from tasks_labels where task_id=?
Hibernate: delete from tasks where id=?
Hibernate: select ts1_0.id,ts1_0.created_at,ts1_0.name,ts1_0.slug from task_statuses ts1_0
Hibernate: delete from task_statuses where id=?
Hibernate: select l1_0.id,l1_0.created_at,l1_0.name from labels l1_0
Hibernate: delete from labels where id=?
Hibernate: select u1_0.id,u1_0.created_at,u1_0.email,u1_0.first_name,u1_0.last_name,u1_0.password_origin,u1_0.updated_at from users u1_0
Hibernate: delete from users where id=?

MockHttpServletRequest:
      HTTP Method = GET
      Request URI = /api/tasks/1
       Parameters = {}
          Headers = []
             Body = null
    Session Attrs = {}

Handler:
             Type = hexlet.code.controller.TaskController
           Method = hexlet.code.controller.TaskController#show(Long)

Async:
    Async started = false
     Async result = null

Resolved Exception:
             Type = null

ModelAndView:
        View name = null
             View = null
            Model = null

FlashMap:
       Attributes = null

MockHttpServletResponse:
           Status = 200
    Error message = null
          Headers = [Vary:"Origin", "Access-Control-Request-Method", "Access-Control-Request-Headers", Content-Type:"application/json", X-Content-Type-Options:"nosniff", X-XSS-Protection:"0", Cache-Control:"no-cache, no-store, max-age=0, must-revalidate", Pragma:"no-cache", Expires:"0"]
     Content type = application/json
             Body = {"id":1,"title":"nobis","index":1628168753,"content":"Cum commodi molestiae.","status":"vel_voluptatem","taskLabelIds":[7],"assignee_id":6}
    Forwarded URL = null
   Redirected URL = null
          Cookies = []
Hibernate: insert into users (created_at,email,first_name,last_name,password_origin,updated_at,id) values (?,?,?,?,?,?,default)
Hibernate: insert into task_statuses (created_at,name,slug,id) values (?,?,?,default)
Hibernate: insert into labels (created_at,name,id) values (?,?,default)
Hibernate: insert into tasks (assignee_id,created_at,description,index,name,status_id,id) values (?,?,?,?,?,?,default)
Hibernate: insert into tasks_labels (task_id,labels_id) values (?,?)
?[2m2024-02-06T23:53:12.996+06:00?[0;39m ?[32mDEBUG?[0;39m ?[35m94428?[0;39m ?[2m---?[0;39m ?[2m[    Test worker]?[0;39m ?[2m?[0;39m?[36mo.s.security.web.FilterChainProxy       ?[0;39m ?[2m:?[0;39m Securing GET /api/tasks
?[2m2024-02-06T23:53:13.002+06:00?[0;39m ?[32mDEBUG?[0;39m ?[35m94428?[0;39m ?[2m---?[0;39m ?[2m[    Test worker]?[0;39m ?[2m?[0;39m?[36mo.s.security.web.FilterChainProxy       ?[0;39m ?[2m:?[0;39m Secured GET /api/tasks
?[2m2024-02-06T23:53:13.002+06:00?[0;39m ?[32mDEBUG?[0;39m ?[35m94428?[0;39m ?[2m---?[0;39m ?[2m[    Test worker]?[0;39m ?[2m?[0;39m?[36ms.w.s.m.m.a.RequestMappingHandlerMapping?[0;39m ?[2m:?[0;39m Mapped to hexlet.code.controller.TaskController#getList(TaskParamDTO)
Hibernate: select t1_0.id,t1_0.assignee_id,t1_0.created_at,t1_0.description,t1_0.index,t1_0.name,t1_0.status_id from tasks t1_0
Hibernate: select u1_0.id,u1_0.created_at,u1_0.email,u1_0.first_name,u1_0.last_name,u1_0.password_origin,u1_0.updated_at from users u1_0 where u1_0.id=?
Hibernate: select ts1_0.id,ts1_0.created_at,ts1_0.name,ts1_0.slug from task_statuses ts1_0 where ts1_0.id=?
Hibernate: select l1_0.task_id,l1_1.id,l1_1.created_at,l1_1.name from tasks_labels l1_0 join labels l1_1 on l1_1.id=l1_0.labels_id where l1_0.task_id=?
?[2m2024-02-06T23:53:13.030+06:00?[0;39m ?[32mDEBUG?[0;39m ?[35m94428?[0;39m ?[2m---?[0;39m ?[2m[    Test worker]?[0;39m ?[2m?[0;39m?[36mo.s.w.s.m.m.a.HttpEntityMethodProcessor ?[0;39m ?[2m:?[0;39m Using 'application/json', given [*/*] and supported [application/json, application/*+json]
?[2m2024-02-06T23:53:13.033+06:00?[0;39m ?[32mDEBUG?[0;39m ?[35m94428?[0;39m ?[2m---?[0;39m ?[2m[    Test worker]?[0;39m ?[2m?[0;39m?[36mo.s.w.s.m.m.a.HttpEntityMethodProcessor ?[0;39m ?[2m:?[0;39m Writing [[hexlet.code.dto.task.TaskDTO@1da44fcd]]
Hibernate: select t1_0.id,t1_0.assignee_id,t1_0.created_at,t1_0.description,t1_0.index,t1_0.name,t1_0.status_id from tasks t1_0
Hibernate: select u1_0.id,u1_0.created_at,u1_0.email,u1_0.first_name,u1_0.last_name,u1_0.password_origin,u1_0.updated_at from users u1_0 where u1_0.id=?
Hibernate: select ts1_0.id,ts1_0.created_at,ts1_0.name,ts1_0.slug from task_statuses ts1_0 where ts1_0.id=?
Hibernate: select l1_0.task_id,l1_1.id,l1_1.created_at,l1_1.name from tasks_labels l1_0 join labels l1_1 on l1_1.id=l1_0.labels_id where l1_0.task_id=?
Hibernate: delete from tasks_labels where task_id=?
Hibernate: delete from tasks where id=?
Hibernate: select ts1_0.id,ts1_0.created_at,ts1_0.name,ts1_0.slug from task_statuses ts1_0
Hibernate: delete from task_statuses where id=?
Hibernate: select l1_0.id,l1_0.created_at,l1_0.name from labels l1_0
Hibernate: delete from labels where id=?
Hibernate: select u1_0.id,u1_0.created_at,u1_0.email,u1_0.first_name,u1_0.last_name,u1_0.password_origin,u1_0.updated_at from users u1_0
Hibernate: delete from users where id=?
Hibernate: insert into users (created_at,email,first_name,last_name,password_origin,updated_at,id) values (?,?,?,?,?,?,default)
Hibernate: insert into task_statuses (created_at,name,slug,id) values (?,?,?,default)
Hibernate: insert into labels (created_at,name,id) values (?,?,default)
Hibernate: insert into tasks (assignee_id,created_at,description,index,name,status_id,id) values (?,?,?,?,?,?,default)
Hibernate: insert into tasks_labels (task_id,labels_id) values (?,?)
Hibernate: insert into users (created_at,email,first_name,last_name,password_origin,updated_at,id) values (?,?,?,?,?,?,default)
Hibernate: insert into task_statuses (created_at,name,slug,id) values (?,?,?,default)
Hibernate: insert into labels (created_at,name,id) values (?,?,default)
?[2m2024-02-06T23:53:13.124+06:00?[0;39m ?[32mDEBUG?[0;39m ?[35m94428?[0;39m ?[2m---?[0;39m ?[2m[    Test worker]?[0;39m ?[2m?[0;39m?[36mo.s.security.web.FilterChainProxy       ?[0;39m ?[2m:?[0;39m Securing POST /api/tasks
?[2m2024-02-06T23:53:13.126+06:00?[0;39m ?[32mDEBUG?[0;39m ?[35m94428?[0;39m ?[2m---?[0;39m ?[2m[    Test worker]?[0;39m ?[2m?[0;39m?[36mo.s.security.web.FilterChainProxy       ?[0;39m ?[2m:?[0;39m Secured POST /api/tasks
?[2m2024-02-06T23:53:13.140+06:00?[0;39m ?[32mDEBUG?[0;39m ?[35m94428?[0;39m ?[2m---?[0;39m ?[2m[    Test worker]?[0;39m ?[2m?[0;39m?[36m.m.m.a.ExceptionHandlerExceptionResolver?[0;39m ?[2m:?[0;39m Using @ExceptionHandler hexlet.code.handler.GlobalExceptionHandler#handleException(Exception, WebRequest)
?[2m2024-02-06T23:53:13.141+06:00?[0;39m ?[33m WARN?[0;39m ?[35m94428?[0;39m ?[2m---?[0;39m ?[2m[    Test worker]?[0;39m ?[2m?[0;39m?[36mo.s.web.servlet.PageNotFound            ?[0;39m ?[2m:?[0;39m Request method 'POST' is not supported
?[2m2024-02-06T23:53:13.173+06:00?[0;39m ?[32mDEBUG?[0;39m ?[35m94428?[0;39m ?[2m---?[0;39m ?[2m[    Test worker]?[0;39m ?[2m?[0;39m?[36mo.s.w.s.m.m.a.HttpEntityMethodProcessor ?[0;39m ?[2m:?[0;39m Using 'application/problem+json', given [*/*] and supported [application/problem+json]
?[2m2024-02-06T23:53:13.183+06:00?[0;39m ?[32mDEBUG?[0;39m ?[35m94428?[0;39m ?[2m---?[0;39m ?[2m[    Test worker]?[0;39m ?[2m?[0;39m?[36mo.s.w.s.m.m.a.HttpEntityMethodProcessor ?[0;39m ?[2m:?[0;39m Writing [ProblemDetail[type='about:blank', title='Method Not Allowed', status=405, detail='Method 'POST' is n (truncated)...]
?[2m2024-02-06T23:53:13.186+06:00?[0;39m ?[32mDEBUG?[0;39m ?[35m94428?[0;39m ?[2m---?[0;39m ?[2m[    Test worker]?[0;39m ?[2m?[0;39m?[36m.m.m.a.ExceptionHandlerExceptionResolver?[0;39m ?[2m:?[0;39m Resolved [org.springframework.web.HttpRequestMethodNotSupportedException: Request method 'POST' is not supported]
Hibernate: select t1_0.id,t1_0.assignee_id,t1_0.created_at,t1_0.description,t1_0.index,t1_0.name,t1_0.status_id from tasks t1_0
Hibernate: select u1_0.id,u1_0.created_at,u1_0.email,u1_0.first_name,u1_0.last_name,u1_0.password_origin,u1_0.updated_at from users u1_0 where u1_0.id=?
Hibernate: select ts1_0.id,ts1_0.created_at,ts1_0.name,ts1_0.slug from task_statuses ts1_0 where ts1_0.id=?
Hibernate: select l1_0.task_id,l1_1.id,l1_1.created_at,l1_1.name from tasks_labels l1_0 join labels l1_1 on l1_1.id=l1_0.labels_id where l1_0.task_id=?
Hibernate: delete from tasks_labels where task_id=?
Hibernate: delete from tasks where id=?
Hibernate: select ts1_0.id,ts1_0.created_at,ts1_0.name,ts1_0.slug from task_statuses ts1_0
Hibernate: delete from task_statuses where id=?
Hibernate: delete from task_statuses where id=?
Hibernate: select l1_0.id,l1_0.created_at,l1_0.name from labels l1_0
Hibernate: delete from labels where id=?
Hibernate: delete from labels where id=?
Hibernate: select u1_0.id,u1_0.created_at,u1_0.email,u1_0.first_name,u1_0.last_name,u1_0.password_origin,u1_0.updated_at from users u1_0
Hibernate: delete from users where id=?
Hibernate: delete from users where id=?

MockHttpServletRequest:
      HTTP Method = POST
      Request URI = /api/tasks
       Parameters = {}
          Headers = [Content-Type:"application/json;charset=UTF-8", Content-Length:"161"]
             Body = {"title":"consectetur","index":1060070444,"content":"Aut quia nam porro recusandae voluptatibus officiis.","status":"aut_ut","taskLabelIds":[10],"assignee_id":9}
    Session Attrs = {}

Handler:
             Type = null

Async:
    Async started = false
     Async result = null

Resolved Exception:
             Type = org.springframework.web.HttpRequestMethodNotSupportedException

ModelAndView:
        View name = null
             View = null
            Model = null

FlashMap:
       Attributes = null

MockHttpServletResponse:
           Status = 405
    Error message = null
          Headers = [Vary:"Origin", "Access-Control-Request-Method", "Access-Control-Request-Headers", Allow:"GET", Content-Type:"application/problem+json", X-Content-Type-Options:"nosniff", X-XSS-Protection:"0", Cache-Control:"no-cache, no-store, max-age=0, must-revalidate", Pragma:"no-cache", Expires:"0"]
     Content type = application/problem+json
             Body = {"type":"about:blank","title":"Method Not Allowed","status":405,"detail":"Method 'POST' is not supported.","instance":"/api/tasks"}
    Forwarded URL = null
   Redirected URL = null
          Cookies = []
Hibernate: insert into users (created_at,email,first_name,last_name,password_origin,updated_at,id) values (?,?,?,?,?,?,default)
Hibernate: insert into task_statuses (created_at,name,slug,id) values (?,?,?,default)
Hibernate: insert into labels (created_at,name,id) values (?,?,default)
Hibernate: insert into tasks (assignee_id,created_at,description,index,name,status_id,id) values (?,?,?,?,?,?,default)
Hibernate: insert into tasks_labels (task_id,labels_id) values (?,?)
?[2m2024-02-06T23:53:13.259+06:00?[0;39m ?[32mDEBUG?[0;39m ?[35m94428?[0;39m ?[2m---?[0;39m ?[2m[    Test worker]?[0;39m ?[2m?[0;39m?[36mo.s.security.web.FilterChainProxy       ?[0;39m ?[2m:?[0;39m Securing DELETE /api/tasks/4
?[2m2024-02-06T23:53:13.262+06:00?[0;39m ?[32mDEBUG?[0;39m ?[35m94428?[0;39m ?[2m---?[0;39m ?[2m[    Test worker]?[0;39m ?[2m?[0;39m?[36mo.s.security.web.FilterChainProxy       ?[0;39m ?[2m:?[0;39m Secured DELETE /api/tasks/4
?[2m2024-02-06T23:53:13.264+06:00?[0;39m ?[32mDEBUG?[0;39m ?[35m94428?[0;39m ?[2m---?[0;39m ?[2m[    Test worker]?[0;39m ?[2m?[0;39m?[36ms.w.s.m.m.a.RequestMappingHandlerMapping?[0;39m ?[2m:?[0;39m Mapped to hexlet.code.controller.TaskController#delete(Long)
Hibernate: select t1_0.id,a1_0.id,a1_0.created_at,a1_0.email,a1_0.first_name,a1_0.last_name,a1_0.password_origin,a1_0.updated_at,t1_0.created_at,t1_0.description,t1_0.index,l1_0.task_id,l1_1.id,l1_1.created_at,l1_1.name,t1_0.name,s1_0.id,s1_0.created_at,s1_0.name,s1_0.slug from tasks t1_0 left join users a1_0 on a1_0.id=t1_0.assignee_id left join tasks_labels l1_0 on t1_0.id=l1_0.task_id left join labels l1_1 on l1_1.id=l1_0.labels_id left join task_statuses s1_0 on s1_0.id=t1_0.status_id where t1_0.id=?
Hibernate: delete from tasks_labels where task_id=?
Hibernate: delete from tasks where id=?
Hibernate: select count(*) from tasks t1_0 where t1_0.id=?
Hibernate: select t1_0.id,t1_0.assignee_id,t1_0.created_at,t1_0.description,t1_0.index,t1_0.name,t1_0.status_id from tasks t1_0
Hibernate: select ts1_0.id,ts1_0.created_at,ts1_0.name,ts1_0.slug from task_statuses ts1_0
Hibernate: delete from task_statuses where id=?
Hibernate: select l1_0.id,l1_0.created_at,l1_0.name from labels l1_0
Hibernate: delete from labels where id=?
Hibernate: select u1_0.id,u1_0.created_at,u1_0.email,u1_0.first_name,u1_0.last_name,u1_0.password_origin,u1_0.updated_at from users u1_0
Hibernate: delete from users where id=?
Hibernate: insert into users (created_at,email,first_name,last_name,password_origin,updated_at,id) values (?,?,?,?,?,?,default)
Hibernate: insert into task_statuses (created_at,name,slug,id) values (?,?,?,default)
Hibernate: insert into labels (created_at,name,id) values (?,?,default)
Hibernate: insert into tasks (assignee_id,created_at,description,index,name,status_id,id) values (?,?,?,?,?,?,default)
Hibernate: insert into tasks_labels (task_id,labels_id) values (?,?)
?[2m2024-02-06T23:53:13.345+06:00?[0;39m ?[32mDEBUG?[0;39m ?[35m94428?[0;39m ?[2m---?[0;39m ?[2m[    Test worker]?[0;39m ?[2m?[0;39m?[36mo.s.security.web.FilterChainProxy       ?[0;39m ?[2m:?[0;39m Securing GET /api/tasks?titleCont=Name&assigneeId=123&status=Slug&labelId=123
?[2m2024-02-06T23:53:13.348+06:00?[0;39m ?[32mDEBUG?[0;39m ?[35m94428?[0;39m ?[2m---?[0;39m ?[2m[    Test worker]?[0;39m ?[2m?[0;39m?[36mo.s.security.web.FilterChainProxy       ?[0;39m ?[2m:?[0;39m Secured GET /api/tasks?titleCont=Name&assigneeId=123&status=Slug&labelId=123
?[2m2024-02-06T23:53:13.348+06:00?[0;39m ?[32mDEBUG?[0;39m ?[35m94428?[0;39m ?[2m---?[0;39m ?[2m[    Test worker]?[0;39m ?[2m?[0;39m?[36ms.w.s.m.m.a.RequestMappingHandlerMapping?[0;39m ?[2m:?[0;39m Mapped to hexlet.code.controller.TaskController#getList(TaskParamDTO)
Hibernate: select t1_0.id,t1_0.assignee_id,t1_0.created_at,t1_0.description,t1_0.index,t1_0.name,t1_0.status_id from tasks t1_0
Hibernate: select u1_0.id,u1_0.created_at,u1_0.email,u1_0.first_name,u1_0.last_name,u1_0.password_origin,u1_0.updated_at from users u1_0 where u1_0.id=?
Hibernate: select ts1_0.id,ts1_0.created_at,ts1_0.name,ts1_0.slug from task_statuses ts1_0 where ts1_0.id=?
Hibernate: select l1_0.task_id,l1_1.id,l1_1.created_at,l1_1.name from tasks_labels l1_0 join labels l1_1 on l1_1.id=l1_0.labels_id where l1_0.task_id=?
?[2m2024-02-06T23:53:13.378+06:00?[0;39m ?[32mDEBUG?[0;39m ?[35m94428?[0;39m ?[2m---?[0;39m ?[2m[    Test worker]?[0;39m ?[2m?[0;39m?[36mo.s.w.s.m.m.a.HttpEntityMethodProcessor ?[0;39m ?[2m:?[0;39m Using 'application/json', given [*/*] and supported [application/json, application/*+json]
?[2m2024-02-06T23:53:13.378+06:00?[0;39m ?[32mDEBUG?[0;39m ?[35m94428?[0;39m ?[2m---?[0;39m ?[2m[    Test worker]?[0;39m ?[2m?[0;39m?[36mo.s.w.s.m.m.a.HttpEntityMethodProcessor ?[0;39m ?[2m:?[0;39m Writing [[hexlet.code.dto.task.TaskDTO@40447c2f]]
Hibernate: select t1_0.id,t1_0.assignee_id,t1_0.created_at,t1_0.description,t1_0.index,t1_0.name,t1_0.status_id from tasks t1_0
Hibernate: select u1_0.id,u1_0.created_at,u1_0.email,u1_0.first_name,u1_0.last_name,u1_0.password_origin,u1_0.updated_at from users u1_0 where u1_0.id=?
Hibernate: select ts1_0.id,ts1_0.created_at,ts1_0.name,ts1_0.slug from task_statuses ts1_0 where ts1_0.id=?
Hibernate: select l1_0.task_id,l1_1.id,l1_1.created_at,l1_1.name from tasks_labels l1_0 join labels l1_1 on l1_1.id=l1_0.labels_id where l1_0.task_id=?
Hibernate: delete from tasks_labels where task_id=?
Hibernate: delete from tasks where id=?
Hibernate: select ts1_0.id,ts1_0.created_at,ts1_0.name,ts1_0.slug from task_statuses ts1_0
Hibernate: delete from task_statuses where id=?
Hibernate: select l1_0.id,l1_0.created_at,l1_0.name from labels l1_0
Hibernate: delete from labels where id=?
Hibernate: select u1_0.id,u1_0.created_at,u1_0.email,u1_0.first_name,u1_0.last_name,u1_0.password_origin,u1_0.updated_at from users u1_0
Hibernate: delete from users where id=?

MockHttpServletRequest:
      HTTP Method = GET
      Request URI = /api/tasks
       Parameters = {titleCont=[Name], assigneeId=[123], status=[Slug], labelId=[123]}
          Headers = []
             Body = null
    Session Attrs = {}

Handler:
             Type = hexlet.code.controller.TaskController
           Method = hexlet.code.controller.TaskController#getList(TaskParamDTO)

Async:
    Async started = false
     Async result = null

Resolved Exception:
             Type = null

ModelAndView:
        View name = null
             View = null
            Model = null

FlashMap:
       Attributes = null

MockHttpServletResponse:
           Status = 200
    Error message = null
          Headers = [Vary:"Origin", "Access-Control-Request-Method", "Access-Control-Request-Headers", X-Total-Count:"1", Content-Type:"application/json", X-Content-Type-Options:"nosniff", X-XSS-Protection:"0", Cache-Control:"no-cache, no-store, max-age=0, must-revalidate", Pragma:"no-cache", Expires:"0"]
     Content type = application/json
             Body = [{"id":5,"title":"sint","index":418859902,"content":"Dolorem error dolore error fugit quae.","status":"dolores_reiciendis","taskLabelIds":[12],"assignee_id":11}]
    Forwarded URL = null
   Redirected URL = null
          Cookies = []
Hibernate: insert into users (created_at,email,first_name,last_name,password_origin,updated_at,id) values (?,?,?,?,?,?,default)
Hibernate: insert into task_statuses (created_at,name,slug,id) values (?,?,?,default)
Hibernate: insert into labels (created_at,name,id) values (?,?,default)
Hibernate: insert into tasks (assignee_id,created_at,description,index,name,status_id,id) values (?,?,?,?,?,?,default)
Hibernate: insert into tasks_labels (task_id,labels_id) values (?,?)
?[2m2024-02-06T23:53:13.458+06:00?[0;39m ?[32mDEBUG?[0;39m ?[35m94428?[0;39m ?[2m---?[0;39m ?[2m[    Test worker]?[0;39m ?[2m?[0;39m?[36mo.s.security.web.FilterChainProxy       ?[0;39m ?[2m:?[0;39m Securing PUT /api/tasks/6
?[2m2024-02-06T23:53:13.460+06:00?[0;39m ?[32mDEBUG?[0;39m ?[35m94428?[0;39m ?[2m---?[0;39m ?[2m[    Test worker]?[0;39m ?[2m?[0;39m?[36mo.s.security.web.FilterChainProxy       ?[0;39m ?[2m:?[0;39m Secured PUT /api/tasks/6
?[2m2024-02-06T23:53:13.460+06:00?[0;39m ?[32mDEBUG?[0;39m ?[35m94428?[0;39m ?[2m---?[0;39m ?[2m[    Test worker]?[0;39m ?[2m?[0;39m?[36ms.w.s.m.m.a.RequestMappingHandlerMapping?[0;39m ?[2m:?[0;39m Mapped to hexlet.code.controller.TaskController#update(TaskUpdateDTO, Long)
?[2m2024-02-06T23:53:13.467+06:00?[0;39m ?[32mDEBUG?[0;39m ?[35m94428?[0;39m ?[2m---?[0;39m ?[2m[    Test worker]?[0;39m ?[2m?[0;39m?[36mm.m.a.RequestResponseBodyMethodProcessor?[0;39m ?[2m:?[0;39m Read "application/json;charset=UTF-8" to [hexlet.code.dto.task.TaskUpdateDTO@70802479]
Hibernate: select t1_0.id,a1_0.id,a1_0.created_at,a1_0.email,a1_0.first_name,a1_0.last_name,a1_0.password_origin,a1_0.updated_at,t1_0.created_at,t1_0.description,t1_0.index,l1_0.task_id,l1_1.id,l1_1.created_at,l1_1.name,t1_0.name,s1_0.id,s1_0.created_at,s1_0.name,s1_0.slug from tasks t1_0 left join users a1_0 on a1_0.id=t1_0.assignee_id left join tasks_labels l1_0 on t1_0.id=l1_0.task_id left join labels l1_1 on l1_1.id=l1_0.labels_id left join task_statuses s1_0 on s1_0.id=t1_0.status_id where t1_0.id=?
Hibernate: update tasks set assignee_id=?,created_at=?,description=?,index=?,name=?,status_id=? where id=?
?[2m2024-02-06T23:53:13.485+06:00?[0;39m ?[32mDEBUG?[0;39m ?[35m94428?[0;39m ?[2m---?[0;39m ?[2m[    Test worker]?[0;39m ?[2m?[0;39m?[36mm.m.a.RequestResponseBodyMethodProcessor?[0;39m ?[2m:?[0;39m Using 'application/json', given [*/*] and supported [application/json, application/*+json]
?[2m2024-02-06T23:53:13.486+06:00?[0;39m ?[32mDEBUG?[0;39m ?[35m94428?[0;39m ?[2m---?[0;39m ?[2m[    Test worker]?[0;39m ?[2m?[0;39m?[36mm.m.a.RequestResponseBodyMethodProcessor?[0;39m ?[2m:?[0;39m Writing [hexlet.code.dto.task.TaskDTO@4aff20e2]
Hibernate: select t1_0.id,a1_0.id,a1_0.created_at,a1_0.email,a1_0.first_name,a1_0.last_name,a1_0.password_origin,a1_0.updated_at,t1_0.created_at,t1_0.description,t1_0.index,l1_0.task_id,l1_1.id,l1_1.created_at,l1_1.name,t1_0.name,s1_0.id,s1_0.created_at,s1_0.name,s1_0.slug from tasks t1_0 left join users a1_0 on a1_0.id=t1_0.assignee_id left join tasks_labels l1_0 on t1_0.id=l1_0.task_id left join labels l1_1 on l1_1.id=l1_0.labels_id left join task_statuses s1_0 on s1_0.id=t1_0.status_id where t1_0.id=?
Hibernate: select t1_0.id,t1_0.assignee_id,t1_0.created_at,t1_0.description,t1_0.index,t1_0.name,t1_0.status_id from tasks t1_0
Hibernate: select u1_0.id,u1_0.created_at,u1_0.email,u1_0.first_name,u1_0.last_name,u1_0.password_origin,u1_0.updated_at from users u1_0 where u1_0.id=?
Hibernate: select ts1_0.id,ts1_0.created_at,ts1_0.name,ts1_0.slug from task_statuses ts1_0 where ts1_0.id=?
Hibernate: select l1_0.task_id,l1_1.id,l1_1.created_at,l1_1.name from tasks_labels l1_0 join labels l1_1 on l1_1.id=l1_0.labels_id where l1_0.task_id=?
Hibernate: delete from tasks_labels where task_id=?
Hibernate: delete from tasks where id=?
Hibernate: select ts1_0.id,ts1_0.created_at,ts1_0.name,ts1_0.slug from task_statuses ts1_0
Hibernate: delete from task_statuses where id=?
Hibernate: select l1_0.id,l1_0.created_at,l1_0.name from labels l1_0
Hibernate: delete from labels where id=?
Hibernate: select u1_0.id,u1_0.created_at,u1_0.email,u1_0.first_name,u1_0.last_name,u1_0.password_origin,u1_0.updated_at from users u1_0
Hibernate: delete from users where id=?
]]></system-out>
  <system-err><![CDATA[]]></system-err>
</testsuite>
