<?xml version="1.0" encoding="UTF-8"?>
<testsuite name="hexlet.code.controller.LabelControllerTest" tests="5" skipped="0" failures="2" errors="0" timestamp="2024-02-06T17:53:11" hostname="MacBook-Air-Roma.local" time="1.625">
  <properties/>
  <testcase name="testShow()" classname="hexlet.code.controller.LabelControllerTest" time="0.361">
    <failure message="java.lang.NullPointerException: Cannot invoke &quot;java.time.LocalDate.format(java.time.format.DateTimeFormatter)&quot; because the return value of &quot;hexlet.code.model.Label.getCreatedAt()&quot; is null" type="java.lang.NullPointerException">java.lang.NullPointerException: Cannot invoke &quot;java.time.LocalDate.format(java.time.format.DateTimeFormatter)&quot; because the return value of &quot;hexlet.code.model.Label.getCreatedAt()&quot; is null
	at hexlet.code.controller.LabelControllerTest.lambda$testShow$3(LabelControllerTest.java:93)
	at net.javacrumbs.jsonunit.assertj.JsonAssert.lambda$and$0(JsonAssert.java:105)
	at java.base/java.util.Spliterators$ArraySpliterator.forEachRemaining(Spliterators.java:1006)
	at java.base/java.util.stream.ReferencePipeline$Head.forEach(ReferencePipeline.java:762)
	at net.javacrumbs.jsonunit.assertj.JsonAssert.and(JsonAssert.java:105)
	at hexlet.code.controller.LabelControllerTest.testShow(LabelControllerTest.java:89)
	at java.base/jdk.internal.reflect.DirectMethodHandleAccessor.invoke(DirectMethodHandleAccessor.java:104)
	at java.base/java.lang.reflect.Method.invoke(Method.java:578)
	at org.junit.platform.commons.util.ReflectionUtils.invokeMethod(ReflectionUtils.java:728)
	at org.junit.jupiter.engine.execution.MethodInvocation.proceed(MethodInvocation.java:60)
	at org.junit.jupiter.engine.execution.InvocationInterceptorChain$ValidatingInvocation.proceed(InvocationInterceptorChain.java:131)
	at org.junit.jupiter.engine.extension.TimeoutExtension.intercept(TimeoutExtension.java:156)
	at org.junit.jupiter.engine.extension.TimeoutExtension.interceptTestableMethod(TimeoutExtension.java:147)
	at org.junit.jupiter.engine.extension.TimeoutExtension.interceptTestMethod(TimeoutExtension.java:86)
	at org.junit.jupiter.engine.execution.InterceptingExecutableInvoker$ReflectiveInterceptorCall.lambda$ofVoidMethod$0(InterceptingExecutableInvoker.java:103)
	at org.junit.jupiter.engine.execution.InterceptingExecutableInvoker.lambda$invoke$0(InterceptingExecutableInvoker.java:93)
	at org.junit.jupiter.engine.execution.InvocationInterceptorChain$InterceptedInvocation.proceed(InvocationInterceptorChain.java:106)
	at org.junit.jupiter.engine.execution.InvocationInterceptorChain.proceed(InvocationInterceptorChain.java:64)
	at org.junit.jupiter.engine.execution.InvocationInterceptorChain.chainAndInvoke(InvocationInterceptorChain.java:45)
	at org.junit.jupiter.engine.execution.InvocationInterceptorChain.invoke(InvocationInterceptorChain.java:37)
	at org.junit.jupiter.engine.execution.InterceptingExecutableInvoker.invoke(InterceptingExecutableInvoker.java:92)
	at org.junit.jupiter.engine.execution.InterceptingExecutableInvoker.invoke(InterceptingExecutableInvoker.java:86)
	at org.junit.jupiter.engine.descriptor.TestMethodTestDescriptor.lambda$invokeTestMethod$7(TestMethodTestDescriptor.java:218)
	at org.junit.platform.engine.support.hierarchical.ThrowableCollector.execute(ThrowableCollector.java:73)
	at org.junit.jupiter.engine.descriptor.TestMethodTestDescriptor.invokeTestMethod(TestMethodTestDescriptor.java:214)
	at org.junit.jupiter.engine.descriptor.TestMethodTestDescriptor.execute(TestMethodTestDescriptor.java:139)
	at org.junit.jupiter.engine.descriptor.TestMethodTestDescriptor.execute(TestMethodTestDescriptor.java:69)
	at org.junit.platform.engine.support.hierarchical.NodeTestTask.lambda$executeRecursively$6(NodeTestTask.java:151)
	at org.junit.platform.engine.support.hierarchical.ThrowableCollector.execute(ThrowableCollector.java:73)
	at org.junit.platform.engine.support.hierarchical.NodeTestTask.lambda$executeRecursively$8(NodeTestTask.java:141)
	at org.junit.platform.engine.support.hierarchical.Node.around(Node.java:137)
	at org.junit.platform.engine.support.hierarchical.NodeTestTask.lambda$executeRecursively$9(NodeTestTask.java:139)
	at org.junit.platform.engine.support.hierarchical.ThrowableCollector.execute(ThrowableCollector.java:73)
	at org.junit.platform.engine.support.hierarchical.NodeTestTask.executeRecursively(NodeTestTask.java:138)
	at org.junit.platform.engine.support.hierarchical.NodeTestTask.execute(NodeTestTask.java:95)
	at java.base/java.util.ArrayList.forEach(ArrayList.java:1511)
	at org.junit.platform.engine.support.hierarchical.SameThreadHierarchicalTestExecutorService.invokeAll(SameThreadHierarchicalTestExecutorService.java:41)
	at org.junit.platform.engine.support.hierarchical.NodeTestTask.lambda$executeRecursively$6(NodeTestTask.java:155)
	at org.junit.platform.engine.support.hierarchical.ThrowableCollector.execute(ThrowableCollector.java:73)
	at org.junit.platform.engine.support.hierarchical.NodeTestTask.lambda$executeRecursively$8(NodeTestTask.java:141)
	at org.junit.platform.engine.support.hierarchical.Node.around(Node.java:137)
	at org.junit.platform.engine.support.hierarchical.NodeTestTask.lambda$executeRecursively$9(NodeTestTask.java:139)
	at org.junit.platform.engine.support.hierarchical.ThrowableCollector.execute(ThrowableCollector.java:73)
	at org.junit.platform.engine.support.hierarchical.NodeTestTask.executeRecursively(NodeTestTask.java:138)
	at org.junit.platform.engine.support.hierarchical.NodeTestTask.execute(NodeTestTask.java:95)
	at java.base/java.util.ArrayList.forEach(ArrayList.java:1511)
	at org.junit.platform.engine.support.hierarchical.SameThreadHierarchicalTestExecutorService.invokeAll(SameThreadHierarchicalTestExecutorService.java:41)
	at org.junit.platform.engine.support.hierarchical.NodeTestTask.lambda$executeRecursively$6(NodeTestTask.java:155)
	at org.junit.platform.engine.support.hierarchical.ThrowableCollector.execute(ThrowableCollector.java:73)
	at org.junit.platform.engine.support.hierarchical.NodeTestTask.lambda$executeRecursively$8(NodeTestTask.java:141)
	at org.junit.platform.engine.support.hierarchical.Node.around(Node.java:137)
	at org.junit.platform.engine.support.hierarchical.NodeTestTask.lambda$executeRecursively$9(NodeTestTask.java:139)
	at org.junit.platform.engine.support.hierarchical.ThrowableCollector.execute(ThrowableCollector.java:73)
	at org.junit.platform.engine.support.hierarchical.NodeTestTask.executeRecursively(NodeTestTask.java:138)
	at org.junit.platform.engine.support.hierarchical.NodeTestTask.execute(NodeTestTask.java:95)
	at org.junit.platform.engine.support.hierarchical.SameThreadHierarchicalTestExecutorService.submit(SameThreadHierarchicalTestExecutorService.java:35)
	at org.junit.platform.engine.support.hierarchical.HierarchicalTestExecutor.execute(HierarchicalTestExecutor.java:57)
	at org.junit.platform.engine.support.hierarchical.HierarchicalTestEngine.execute(HierarchicalTestEngine.java:54)
	at org.junit.platform.launcher.core.EngineExecutionOrchestrator.execute(EngineExecutionOrchestrator.java:107)
	at org.junit.platform.launcher.core.EngineExecutionOrchestrator.execute(EngineExecutionOrchestrator.java:88)
	at org.junit.platform.launcher.core.EngineExecutionOrchestrator.lambda$execute$0(EngineExecutionOrchestrator.java:54)
	at org.junit.platform.launcher.core.EngineExecutionOrchestrator.withInterceptedStreams(EngineExecutionOrchestrator.java:67)
	at org.junit.platform.launcher.core.EngineExecutionOrchestrator.execute(EngineExecutionOrchestrator.java:52)
	at org.junit.platform.launcher.core.DefaultLauncher.execute(DefaultLauncher.java:114)
	at org.junit.platform.launcher.core.DefaultLauncher.execute(DefaultLauncher.java:86)
	at org.junit.platform.launcher.core.DefaultLauncherSession$DelegatingLauncher.execute(DefaultLauncherSession.java:86)
	at org.gradle.api.internal.tasks.testing.junitplatform.JUnitPlatformTestClassProcessor$CollectAllTestClassesExecutor.processAllTestClasses(JUnitPlatformTestClassProcessor.java:119)
	at org.gradle.api.internal.tasks.testing.junitplatform.JUnitPlatformTestClassProcessor$CollectAllTestClassesExecutor.access$000(JUnitPlatformTestClassProcessor.java:94)
	at org.gradle.api.internal.tasks.testing.junitplatform.JUnitPlatformTestClassProcessor.stop(JUnitPlatformTestClassProcessor.java:89)
	at org.gradle.api.internal.tasks.testing.SuiteTestClassProcessor.stop(SuiteTestClassProcessor.java:62)
	at java.base/jdk.internal.reflect.DirectMethodHandleAccessor.invoke(DirectMethodHandleAccessor.java:104)
	at java.base/java.lang.reflect.Method.invoke(Method.java:578)
	at org.gradle.internal.dispatch.ReflectionDispatch.dispatch(ReflectionDispatch.java:36)
	at org.gradle.internal.dispatch.ReflectionDispatch.dispatch(ReflectionDispatch.java:24)
	at org.gradle.internal.dispatch.ContextClassLoaderDispatch.dispatch(ContextClassLoaderDispatch.java:33)
	at org.gradle.internal.dispatch.ProxyDispatchAdapter$DispatchingInvocationHandler.invoke(ProxyDispatchAdapter.java:94)
	at jdk.proxy2/jdk.proxy2.$Proxy5.stop(Unknown Source)
	at org.gradle.api.internal.tasks.testing.worker.TestWorker$3.run(TestWorker.java:193)
	at org.gradle.api.internal.tasks.testing.worker.TestWorker.executeAndMaintainThreadName(TestWorker.java:129)
	at org.gradle.api.internal.tasks.testing.worker.TestWorker.execute(TestWorker.java:100)
	at org.gradle.api.internal.tasks.testing.worker.TestWorker.execute(TestWorker.java:60)
	at org.gradle.process.internal.worker.child.ActionExecutionWorker.execute(ActionExecutionWorker.java:56)
	at org.gradle.process.internal.worker.child.SystemApplicationClassLoaderWorker.call(SystemApplicationClassLoaderWorker.java:113)
	at org.gradle.process.internal.worker.child.SystemApplicationClassLoaderWorker.call(SystemApplicationClassLoaderWorker.java:65)
	at worker.org.gradle.process.internal.worker.GradleWorkerMain.run(GradleWorkerMain.java:69)
	at worker.org.gradle.process.internal.worker.GradleWorkerMain.main(GradleWorkerMain.java:74)
</failure>
  </testcase>
  <testcase name="testGetList()" classname="hexlet.code.controller.LabelControllerTest" time="0.098"/>
  <testcase name="testCreate()" classname="hexlet.code.controller.LabelControllerTest" time="0.181"/>
  <testcase name="testDelete()" classname="hexlet.code.controller.LabelControllerTest" time="0.758"/>
  <testcase name="testUpdate()" classname="hexlet.code.controller.LabelControllerTest" time="0.176">
    <failure message="org.opentest4j.AssertionFailedError: &#10;expected: &quot;New name&quot;&#10; but was: &quot;yszdfpcqjzpcpsvtnpehpfjttcrqejhaugccdxznmaminprzhxffcugadanjlxmmkbglsxnnnlryowedodjshuaiphangogazdynmwekmmhtjfewsuurlqgmuzvpzmfwebaxqstcguoaaptsnokfjalrlwwkwvryuhcuwjcspjyidufoiuljuwpncrmyllwtgtifsohewdxizbjgcoomomyqkonuhzbhitycdoweysujslknblgyexgeuqiciplfsxmqqpdtkasbivalqmtsykwpangbmmjhohtgiomibwkxpltqyiqwdvefuyqkilqujtbgrxntqehdnxhlssijgbrpfyigwgalwmwqpvhzomvhiznrpctkzswsbvacimxsgdxqsndqonmyclmryavqpkywevbryojnsbkepuozlwftlwfqhyvmiesisyilmgmsqhhihelvitvgnooudsllkgapugdngqcbdbskpzlgljbadmfvvvnfxppsmirddbagddqzonehbtpccezswqvcxxbfupteayjpqnvhemgptvfkeiktwqowfkcdrghjfsaln&quot;" type="org.opentest4j.AssertionFailedError">org.opentest4j.AssertionFailedError: 
expected: &quot;New name&quot;
 but was: &quot;yszdfpcqjzpcpsvtnpehpfjttcrqejhaugccdxznmaminprzhxffcugadanjlxmmkbglsxnnnlryowedodjshuaiphangogazdynmwekmmhtjfewsuurlqgmuzvpzmfwebaxqstcguoaaptsnokfjalrlwwkwvryuhcuwjcspjyidufoiuljuwpncrmyllwtgtifsohewdxizbjgcoomomyqkonuhzbhitycdoweysujslknblgyexgeuqiciplfsxmqqpdtkasbivalqmtsykwpangbmmjhohtgiomibwkxpltqyiqwdvefuyqkilqujtbgrxntqehdnxhlssijgbrpfyigwgalwmwqpvhzomvhiznrpctkzswsbvacimxsgdxqsndqonmyclmryavqpkywevbryojnsbkepuozlwftlwfqhyvmiesisyilmgmsqhhihelvitvgnooudsllkgapugdngqcbdbskpzlgljbadmfvvvnfxppsmirddbagddqzonehbtpccezswqvcxxbfupteayjpqnvhemgptvfkeiktwqowfkcdrghjfsaln&quot;
	at java.base@20.0.2/jdk.internal.reflect.DirectConstructorHandleAccessor.newInstance(DirectConstructorHandleAccessor.java:67)
	at java.base@20.0.2/java.lang.reflect.Constructor.newInstanceWithCaller(Constructor.java:500)
	at app//hexlet.code.controller.LabelControllerTest.testUpdate(LabelControllerTest.java:124)
	at java.base@20.0.2/jdk.internal.reflect.DirectMethodHandleAccessor.invoke(DirectMethodHandleAccessor.java:104)
	at java.base@20.0.2/java.lang.reflect.Method.invoke(Method.java:578)
	at app//org.junit.platform.commons.util.ReflectionUtils.invokeMethod(ReflectionUtils.java:728)
	at app//org.junit.jupiter.engine.execution.MethodInvocation.proceed(MethodInvocation.java:60)
	at app//org.junit.jupiter.engine.execution.InvocationInterceptorChain$ValidatingInvocation.proceed(InvocationInterceptorChain.java:131)
	at app//org.junit.jupiter.engine.extension.TimeoutExtension.intercept(TimeoutExtension.java:156)
	at app//org.junit.jupiter.engine.extension.TimeoutExtension.interceptTestableMethod(TimeoutExtension.java:147)
	at app//org.junit.jupiter.engine.extension.TimeoutExtension.interceptTestMethod(TimeoutExtension.java:86)
	at app//org.junit.jupiter.engine.execution.InterceptingExecutableInvoker$ReflectiveInterceptorCall.lambda$ofVoidMethod$0(InterceptingExecutableInvoker.java:103)
	at app//org.junit.jupiter.engine.execution.InterceptingExecutableInvoker.lambda$invoke$0(InterceptingExecutableInvoker.java:93)
	at app//org.junit.jupiter.engine.execution.InvocationInterceptorChain$InterceptedInvocation.proceed(InvocationInterceptorChain.java:106)
	at app//org.junit.jupiter.engine.execution.InvocationInterceptorChain.proceed(InvocationInterceptorChain.java:64)
	at app//org.junit.jupiter.engine.execution.InvocationInterceptorChain.chainAndInvoke(InvocationInterceptorChain.java:45)
	at app//org.junit.jupiter.engine.execution.InvocationInterceptorChain.invoke(InvocationInterceptorChain.java:37)
	at app//org.junit.jupiter.engine.execution.InterceptingExecutableInvoker.invoke(InterceptingExecutableInvoker.java:92)
	at app//org.junit.jupiter.engine.execution.InterceptingExecutableInvoker.invoke(InterceptingExecutableInvoker.java:86)
	at app//org.junit.jupiter.engine.descriptor.TestMethodTestDescriptor.lambda$invokeTestMethod$7(TestMethodTestDescriptor.java:218)
	at app//org.junit.platform.engine.support.hierarchical.ThrowableCollector.execute(ThrowableCollector.java:73)
	at app//org.junit.jupiter.engine.descriptor.TestMethodTestDescriptor.invokeTestMethod(TestMethodTestDescriptor.java:214)
	at app//org.junit.jupiter.engine.descriptor.TestMethodTestDescriptor.execute(TestMethodTestDescriptor.java:139)
	at app//org.junit.jupiter.engine.descriptor.TestMethodTestDescriptor.execute(TestMethodTestDescriptor.java:69)
	at app//org.junit.platform.engine.support.hierarchical.NodeTestTask.lambda$executeRecursively$6(NodeTestTask.java:151)
	at app//org.junit.platform.engine.support.hierarchical.ThrowableCollector.execute(ThrowableCollector.java:73)
	at app//org.junit.platform.engine.support.hierarchical.NodeTestTask.lambda$executeRecursively$8(NodeTestTask.java:141)
	at app//org.junit.platform.engine.support.hierarchical.Node.around(Node.java:137)
	at app//org.junit.platform.engine.support.hierarchical.NodeTestTask.lambda$executeRecursively$9(NodeTestTask.java:139)
	at app//org.junit.platform.engine.support.hierarchical.ThrowableCollector.execute(ThrowableCollector.java:73)
	at app//org.junit.platform.engine.support.hierarchical.NodeTestTask.executeRecursively(NodeTestTask.java:138)
	at app//org.junit.platform.engine.support.hierarchical.NodeTestTask.execute(NodeTestTask.java:95)
	at java.base@20.0.2/java.util.ArrayList.forEach(ArrayList.java:1511)
	at app//org.junit.platform.engine.support.hierarchical.SameThreadHierarchicalTestExecutorService.invokeAll(SameThreadHierarchicalTestExecutorService.java:41)
	at app//org.junit.platform.engine.support.hierarchical.NodeTestTask.lambda$executeRecursively$6(NodeTestTask.java:155)
	at app//org.junit.platform.engine.support.hierarchical.ThrowableCollector.execute(ThrowableCollector.java:73)
	at app//org.junit.platform.engine.support.hierarchical.NodeTestTask.lambda$executeRecursively$8(NodeTestTask.java:141)
	at app//org.junit.platform.engine.support.hierarchical.Node.around(Node.java:137)
	at app//org.junit.platform.engine.support.hierarchical.NodeTestTask.lambda$executeRecursively$9(NodeTestTask.java:139)
	at app//org.junit.platform.engine.support.hierarchical.ThrowableCollector.execute(ThrowableCollector.java:73)
	at app//org.junit.platform.engine.support.hierarchical.NodeTestTask.executeRecursively(NodeTestTask.java:138)
	at app//org.junit.platform.engine.support.hierarchical.NodeTestTask.execute(NodeTestTask.java:95)
	at java.base@20.0.2/java.util.ArrayList.forEach(ArrayList.java:1511)
	at app//org.junit.platform.engine.support.hierarchical.SameThreadHierarchicalTestExecutorService.invokeAll(SameThreadHierarchicalTestExecutorService.java:41)
	at app//org.junit.platform.engine.support.hierarchical.NodeTestTask.lambda$executeRecursively$6(NodeTestTask.java:155)
	at app//org.junit.platform.engine.support.hierarchical.ThrowableCollector.execute(ThrowableCollector.java:73)
	at app//org.junit.platform.engine.support.hierarchical.NodeTestTask.lambda$executeRecursively$8(NodeTestTask.java:141)
	at app//org.junit.platform.engine.support.hierarchical.Node.around(Node.java:137)
	at app//org.junit.platform.engine.support.hierarchical.NodeTestTask.lambda$executeRecursively$9(NodeTestTask.java:139)
	at app//org.junit.platform.engine.support.hierarchical.ThrowableCollector.execute(ThrowableCollector.java:73)
	at app//org.junit.platform.engine.support.hierarchical.NodeTestTask.executeRecursively(NodeTestTask.java:138)
	at app//org.junit.platform.engine.support.hierarchical.NodeTestTask.execute(NodeTestTask.java:95)
	at app//org.junit.platform.engine.support.hierarchical.SameThreadHierarchicalTestExecutorService.submit(SameThreadHierarchicalTestExecutorService.java:35)
	at app//org.junit.platform.engine.support.hierarchical.HierarchicalTestExecutor.execute(HierarchicalTestExecutor.java:57)
	at app//org.junit.platform.engine.support.hierarchical.HierarchicalTestEngine.execute(HierarchicalTestEngine.java:54)
	at app//org.junit.platform.launcher.core.EngineExecutionOrchestrator.execute(EngineExecutionOrchestrator.java:107)
	at app//org.junit.platform.launcher.core.EngineExecutionOrchestrator.execute(EngineExecutionOrchestrator.java:88)
	at app//org.junit.platform.launcher.core.EngineExecutionOrchestrator.lambda$execute$0(EngineExecutionOrchestrator.java:54)
	at app//org.junit.platform.launcher.core.EngineExecutionOrchestrator.withInterceptedStreams(EngineExecutionOrchestrator.java:67)
	at app//org.junit.platform.launcher.core.EngineExecutionOrchestrator.execute(EngineExecutionOrchestrator.java:52)
	at app//org.junit.platform.launcher.core.DefaultLauncher.execute(DefaultLauncher.java:114)
	at app//org.junit.platform.launcher.core.DefaultLauncher.execute(DefaultLauncher.java:86)
	at app//org.junit.platform.launcher.core.DefaultLauncherSession$DelegatingLauncher.execute(DefaultLauncherSession.java:86)
	at org.gradle.api.internal.tasks.testing.junitplatform.JUnitPlatformTestClassProcessor$CollectAllTestClassesExecutor.processAllTestClasses(JUnitPlatformTestClassProcessor.java:119)
	at org.gradle.api.internal.tasks.testing.junitplatform.JUnitPlatformTestClassProcessor$CollectAllTestClassesExecutor.access$000(JUnitPlatformTestClassProcessor.java:94)
	at org.gradle.api.internal.tasks.testing.junitplatform.JUnitPlatformTestClassProcessor.stop(JUnitPlatformTestClassProcessor.java:89)
	at org.gradle.api.internal.tasks.testing.SuiteTestClassProcessor.stop(SuiteTestClassProcessor.java:62)
	at java.base@20.0.2/jdk.internal.reflect.DirectMethodHandleAccessor.invoke(DirectMethodHandleAccessor.java:104)
	at java.base@20.0.2/java.lang.reflect.Method.invoke(Method.java:578)
	at org.gradle.internal.dispatch.ReflectionDispatch.dispatch(ReflectionDispatch.java:36)
	at org.gradle.internal.dispatch.ReflectionDispatch.dispatch(ReflectionDispatch.java:24)
	at org.gradle.internal.dispatch.ContextClassLoaderDispatch.dispatch(ContextClassLoaderDispatch.java:33)
	at org.gradle.internal.dispatch.ProxyDispatchAdapter$DispatchingInvocationHandler.invoke(ProxyDispatchAdapter.java:94)
	at jdk.proxy2/jdk.proxy2.$Proxy5.stop(Unknown Source)
	at org.gradle.api.internal.tasks.testing.worker.TestWorker$3.run(TestWorker.java:193)
	at org.gradle.api.internal.tasks.testing.worker.TestWorker.executeAndMaintainThreadName(TestWorker.java:129)
	at org.gradle.api.internal.tasks.testing.worker.TestWorker.execute(TestWorker.java:100)
	at org.gradle.api.internal.tasks.testing.worker.TestWorker.execute(TestWorker.java:60)
	at org.gradle.process.internal.worker.child.ActionExecutionWorker.execute(ActionExecutionWorker.java:56)
	at org.gradle.process.internal.worker.child.SystemApplicationClassLoaderWorker.call(SystemApplicationClassLoaderWorker.java:113)
	at org.gradle.process.internal.worker.child.SystemApplicationClassLoaderWorker.call(SystemApplicationClassLoaderWorker.java:65)
	at app//worker.org.gradle.process.internal.worker.GradleWorkerMain.run(GradleWorkerMain.java:69)
	at app//worker.org.gradle.process.internal.worker.GradleWorkerMain.main(GradleWorkerMain.java:74)
</failure>
  </testcase>
  <system-out><![CDATA[Hibernate: insert into labels (created_at,name,id) values (?,?,default)
Hibernate: insert into users (created_at,email,first_name,last_name,password_origin,updated_at,id) values (?,?,?,?,?,?,default)
?[2m2024-02-06T23:53:11.211+06:00?[0;39m ?[32mDEBUG?[0;39m ?[35m94428?[0;39m ?[2m---?[0;39m ?[2m[    Test worker]?[0;39m ?[2m?[0;39m?[36mo.s.security.web.FilterChainProxy       ?[0;39m ?[2m:?[0;39m Securing GET /api/labels/1
?[2m2024-02-06T23:53:11.220+06:00?[0;39m ?[32mDEBUG?[0;39m ?[35m94428?[0;39m ?[2m---?[0;39m ?[2m[    Test worker]?[0;39m ?[2m?[0;39m?[36mo.s.security.web.FilterChainProxy       ?[0;39m ?[2m:?[0;39m Secured GET /api/labels/1
?[2m2024-02-06T23:53:11.220+06:00?[0;39m ?[32mDEBUG?[0;39m ?[35m94428?[0;39m ?[2m---?[0;39m ?[2m[    Test worker]?[0;39m ?[2m?[0;39m?[36ms.w.s.m.m.a.RequestMappingHandlerMapping?[0;39m ?[2m:?[0;39m Mapped to hexlet.code.controller.LabelController#show(Long)
Hibernate: select l1_0.id,l1_0.created_at,l1_0.name from labels l1_0 where l1_0.id=?
?[2m2024-02-06T23:53:11.269+06:00?[0;39m ?[32mDEBUG?[0;39m ?[35m94428?[0;39m ?[2m---?[0;39m ?[2m[    Test worker]?[0;39m ?[2m?[0;39m?[36mm.m.a.RequestResponseBodyMethodProcessor?[0;39m ?[2m:?[0;39m Using 'application/json', given [*/*] and supported [application/json, application/*+json]
?[2m2024-02-06T23:53:11.272+06:00?[0;39m ?[32mDEBUG?[0;39m ?[35m94428?[0;39m ?[2m---?[0;39m ?[2m[    Test worker]?[0;39m ?[2m?[0;39m?[36mm.m.a.RequestResponseBodyMethodProcessor?[0;39m ?[2m:?[0;39m Writing [hexlet.code.dto.label.LabelDTO@7f31c80e]
Hibernate: select l1_0.id,l1_0.created_at,l1_0.name from labels l1_0
Hibernate: delete from labels where id=?
Hibernate: select u1_0.id,u1_0.created_at,u1_0.email,u1_0.first_name,u1_0.last_name,u1_0.password_origin,u1_0.updated_at from users u1_0
Hibernate: delete from users where id=?

MockHttpServletRequest:
      HTTP Method = GET
      Request URI = /api/labels/1
       Parameters = {}
          Headers = []
             Body = null
    Session Attrs = {}

Handler:
             Type = hexlet.code.controller.LabelController
           Method = hexlet.code.controller.LabelController#show(Long)

Async:
    Async started = false
     Async result = null

Resolved Exception:
             Type = null

ModelAndView:
        View name = null
             View = null
            Model = null

FlashMap:
       Attributes = null

MockHttpServletResponse:
           Status = 200
    Error message = null
          Headers = [Vary:"Origin", "Access-Control-Request-Method", "Access-Control-Request-Headers", Content-Type:"application/json", X-Content-Type-Options:"nosniff", X-XSS-Protection:"0", Cache-Control:"no-cache, no-store, max-age=0, must-revalidate", Pragma:"no-cache", Expires:"0"]
     Content type = application/json
             Body = {"id":1,"name":"avmqaklgviaxbjzogyfsptzgvfbljauyvuavesklvwpkkywcyemriapuxpilwzuetthpzsekfdiijmlqtkcwrbdjccjycvriknthiufwxbtmxycbtjxdwhrslbchjuwtpilblnnyltcvtlawivysxcslwwayabxvvjanwuwamhvalkfhghgxarfqxjvjigcpnduwtoghvbbehdtilkzioloxclgshzwupwvocywkuqnymgjnionpjijqqlsdmovxaqqhdptjlqadpjpfzdvitvlnpwecswrncapayjsjpudmdgdpmgmxhrokiflkmzujbkpuyycfpiiqhrahfyagqmsrqreccfrddliqgvvoqqvhedgpjludfmhdtkdopjdorqsallkqltecepmsgtdoudhqfhcvryyywofylbfoupyjhjpxsalajpnnwjknakkbmpsfsn"}
    Forwarded URL = null
   Redirected URL = null
          Cookies = []
Hibernate: insert into labels (created_at,name,id) values (?,?,default)
Hibernate: insert into users (created_at,email,first_name,last_name,password_origin,updated_at,id) values (?,?,?,?,?,?,default)
?[2m2024-02-06T23:53:11.420+06:00?[0;39m ?[32mDEBUG?[0;39m ?[35m94428?[0;39m ?[2m---?[0;39m ?[2m[    Test worker]?[0;39m ?[2m?[0;39m?[36mo.s.security.web.FilterChainProxy       ?[0;39m ?[2m:?[0;39m Securing GET /api/labels
?[2m2024-02-06T23:53:11.423+06:00?[0;39m ?[32mDEBUG?[0;39m ?[35m94428?[0;39m ?[2m---?[0;39m ?[2m[    Test worker]?[0;39m ?[2m?[0;39m?[36mo.s.security.web.FilterChainProxy       ?[0;39m ?[2m:?[0;39m Secured GET /api/labels
?[2m2024-02-06T23:53:11.424+06:00?[0;39m ?[32mDEBUG?[0;39m ?[35m94428?[0;39m ?[2m---?[0;39m ?[2m[    Test worker]?[0;39m ?[2m?[0;39m?[36ms.w.s.m.m.a.RequestMappingHandlerMapping?[0;39m ?[2m:?[0;39m Mapped to hexlet.code.controller.LabelController#getAll()
Hibernate: select l1_0.id,l1_0.created_at,l1_0.name from labels l1_0
?[2m2024-02-06T23:53:11.434+06:00?[0;39m ?[32mDEBUG?[0;39m ?[35m94428?[0;39m ?[2m---?[0;39m ?[2m[    Test worker]?[0;39m ?[2m?[0;39m?[36mo.s.w.s.m.m.a.HttpEntityMethodProcessor ?[0;39m ?[2m:?[0;39m Using 'application/json', given [*/*] and supported [application/json, application/*+json]
?[2m2024-02-06T23:53:11.435+06:00?[0;39m ?[32mDEBUG?[0;39m ?[35m94428?[0;39m ?[2m---?[0;39m ?[2m[    Test worker]?[0;39m ?[2m?[0;39m?[36mo.s.w.s.m.m.a.HttpEntityMethodProcessor ?[0;39m ?[2m:?[0;39m Writing [[hexlet.code.dto.label.LabelDTO@238d9122]]
Hibernate: select l1_0.id,l1_0.created_at,l1_0.name from labels l1_0
Hibernate: delete from labels where id=?
Hibernate: select u1_0.id,u1_0.created_at,u1_0.email,u1_0.first_name,u1_0.last_name,u1_0.password_origin,u1_0.updated_at from users u1_0
Hibernate: delete from users where id=?
Hibernate: insert into labels (created_at,name,id) values (?,?,default)
Hibernate: insert into users (created_at,email,first_name,last_name,password_origin,updated_at,id) values (?,?,?,?,?,?,default)
?[2m2024-02-06T23:53:11.517+06:00?[0;39m ?[32mDEBUG?[0;39m ?[35m94428?[0;39m ?[2m---?[0;39m ?[2m[    Test worker]?[0;39m ?[2m?[0;39m?[36mo.s.security.web.FilterChainProxy       ?[0;39m ?[2m:?[0;39m Securing POST /api/labels
?[2m2024-02-06T23:53:11.519+06:00?[0;39m ?[32mDEBUG?[0;39m ?[35m94428?[0;39m ?[2m---?[0;39m ?[2m[    Test worker]?[0;39m ?[2m?[0;39m?[36mo.s.security.web.FilterChainProxy       ?[0;39m ?[2m:?[0;39m Secured POST /api/labels
?[2m2024-02-06T23:53:11.519+06:00?[0;39m ?[32mDEBUG?[0;39m ?[35m94428?[0;39m ?[2m---?[0;39m ?[2m[    Test worker]?[0;39m ?[2m?[0;39m?[36ms.w.s.m.m.a.RequestMappingHandlerMapping?[0;39m ?[2m:?[0;39m Mapped to hexlet.code.controller.LabelController#create(LabelCreateDTO)
?[2m2024-02-06T23:53:11.525+06:00?[0;39m ?[32mDEBUG?[0;39m ?[35m94428?[0;39m ?[2m---?[0;39m ?[2m[    Test worker]?[0;39m ?[2m?[0;39m?[36mm.m.a.RequestResponseBodyMethodProcessor?[0;39m ?[2m:?[0;39m Read "application/json;charset=UTF-8" to [hexlet.code.dto.label.LabelCreateDTO@78c203e9]
Hibernate: insert into labels (created_at,name,id) values (?,?,default)
?[2m2024-02-06T23:53:11.604+06:00?[0;39m ?[32mDEBUG?[0;39m ?[35m94428?[0;39m ?[2m---?[0;39m ?[2m[    Test worker]?[0;39m ?[2m?[0;39m?[36mm.m.a.RequestResponseBodyMethodProcessor?[0;39m ?[2m:?[0;39m Using 'application/json', given [*/*] and supported [application/json, application/*+json]
?[2m2024-02-06T23:53:11.604+06:00?[0;39m ?[32mDEBUG?[0;39m ?[35m94428?[0;39m ?[2m---?[0;39m ?[2m[    Test worker]?[0;39m ?[2m?[0;39m?[36mm.m.a.RequestResponseBodyMethodProcessor?[0;39m ?[2m:?[0;39m Writing [hexlet.code.dto.label.LabelDTO@6c9eb0ef]
Hibernate: select l1_0.id,l1_0.created_at,l1_0.name from labels l1_0 where l1_0.name=?
Hibernate: select l1_0.id,l1_0.created_at,l1_0.name from labels l1_0
Hibernate: delete from labels where id=?
Hibernate: delete from labels where id=?
Hibernate: select u1_0.id,u1_0.created_at,u1_0.email,u1_0.first_name,u1_0.last_name,u1_0.password_origin,u1_0.updated_at from users u1_0
Hibernate: delete from users where id=?
Hibernate: insert into labels (created_at,name,id) values (?,?,default)
Hibernate: insert into users (created_at,email,first_name,last_name,password_origin,updated_at,id) values (?,?,?,?,?,?,default)
?[2m2024-02-06T23:53:11.694+06:00?[0;39m ?[32mDEBUG?[0;39m ?[35m94428?[0;39m ?[2m---?[0;39m ?[2m[    Test worker]?[0;39m ?[2m?[0;39m?[36mo.s.security.web.FilterChainProxy       ?[0;39m ?[2m:?[0;39m Securing DELETE /api/labels/5
?[2m2024-02-06T23:53:11.696+06:00?[0;39m ?[32mDEBUG?[0;39m ?[35m94428?[0;39m ?[2m---?[0;39m ?[2m[    Test worker]?[0;39m ?[2m?[0;39m?[36mo.s.security.web.FilterChainProxy       ?[0;39m ?[2m:?[0;39m Secured DELETE /api/labels/5
?[2m2024-02-06T23:53:11.696+06:00?[0;39m ?[32mDEBUG?[0;39m ?[35m94428?[0;39m ?[2m---?[0;39m ?[2m[    Test worker]?[0;39m ?[2m?[0;39m?[36ms.w.s.m.m.a.RequestMappingHandlerMapping?[0;39m ?[2m:?[0;39m Mapped to hexlet.code.controller.LabelController#delete(Long)
Hibernate: select l1_0.id,l1_0.created_at,l1_0.name from labels l1_0 where l1_0.id=?
Hibernate: delete from labels where id=?
Hibernate: select count(*) from labels l1_0 where l1_0.id=?
Hibernate: select l1_0.id,l1_0.created_at,l1_0.name from labels l1_0
Hibernate: select u1_0.id,u1_0.created_at,u1_0.email,u1_0.first_name,u1_0.last_name,u1_0.password_origin,u1_0.updated_at from users u1_0
Hibernate: delete from users where id=?
Hibernate: insert into labels (created_at,name,id) values (?,?,default)
Hibernate: insert into users (created_at,email,first_name,last_name,password_origin,updated_at,id) values (?,?,?,?,?,?,default)
?[2m2024-02-06T23:53:12.571+06:00?[0;39m ?[32mDEBUG?[0;39m ?[35m94428?[0;39m ?[2m---?[0;39m ?[2m[    Test worker]?[0;39m ?[2m?[0;39m?[36mo.s.security.web.FilterChainProxy       ?[0;39m ?[2m:?[0;39m Securing PUT /api/labels/6
?[2m2024-02-06T23:53:12.582+06:00?[0;39m ?[32mDEBUG?[0;39m ?[35m94428?[0;39m ?[2m---?[0;39m ?[2m[    Test worker]?[0;39m ?[2m?[0;39m?[36mo.s.security.web.FilterChainProxy       ?[0;39m ?[2m:?[0;39m Secured PUT /api/labels/6
?[2m2024-02-06T23:53:12.583+06:00?[0;39m ?[32mDEBUG?[0;39m ?[35m94428?[0;39m ?[2m---?[0;39m ?[2m[    Test worker]?[0;39m ?[2m?[0;39m?[36ms.w.s.m.m.a.RequestMappingHandlerMapping?[0;39m ?[2m:?[0;39m Mapped to hexlet.code.controller.LabelController#update(LabelUpdateDTO, Long)
?[2m2024-02-06T23:53:12.592+06:00?[0;39m ?[32mDEBUG?[0;39m ?[35m94428?[0;39m ?[2m---?[0;39m ?[2m[    Test worker]?[0;39m ?[2m?[0;39m?[36mm.m.a.RequestResponseBodyMethodProcessor?[0;39m ?[2m:?[0;39m Read "application/json;charset=UTF-8" to [hexlet.code.dto.label.LabelUpdateDTO@2e0a54ae]
Hibernate: select l1_0.id,l1_0.created_at,l1_0.name from labels l1_0 where l1_0.id=?
?[2m2024-02-06T23:53:12.606+06:00?[0;39m ?[32mDEBUG?[0;39m ?[35m94428?[0;39m ?[2m---?[0;39m ?[2m[    Test worker]?[0;39m ?[2m?[0;39m?[36mm.m.a.RequestResponseBodyMethodProcessor?[0;39m ?[2m:?[0;39m Using 'application/json', given [*/*] and supported [application/json, application/*+json]
?[2m2024-02-06T23:53:12.608+06:00?[0;39m ?[32mDEBUG?[0;39m ?[35m94428?[0;39m ?[2m---?[0;39m ?[2m[    Test worker]?[0;39m ?[2m?[0;39m?[36mm.m.a.RequestResponseBodyMethodProcessor?[0;39m ?[2m:?[0;39m Writing [hexlet.code.dto.label.LabelDTO@697c9805]
Hibernate: select l1_0.id,l1_0.created_at,l1_0.name from labels l1_0 where l1_0.id=?
Hibernate: select l1_0.id,l1_0.created_at,l1_0.name from labels l1_0
Hibernate: delete from labels where id=?
Hibernate: select u1_0.id,u1_0.created_at,u1_0.email,u1_0.first_name,u1_0.last_name,u1_0.password_origin,u1_0.updated_at from users u1_0
Hibernate: delete from users where id=?

MockHttpServletRequest:
      HTTP Method = PUT
      Request URI = /api/labels/6
       Parameters = {}
          Headers = [Content-Type:"application/json;charset=UTF-8", Content-Length:"19"]
             Body = {"name":"New name"}
    Session Attrs = {}

Handler:
             Type = hexlet.code.controller.LabelController
           Method = hexlet.code.controller.LabelController#update(LabelUpdateDTO, Long)

Async:
    Async started = false
     Async result = null

Resolved Exception:
             Type = null

ModelAndView:
        View name = null
             View = null
            Model = null

FlashMap:
       Attributes = null

MockHttpServletResponse:
           Status = 200
    Error message = null
          Headers = [Vary:"Origin", "Access-Control-Request-Method", "Access-Control-Request-Headers", Content-Type:"application/json", X-Content-Type-Options:"nosniff", X-XSS-Protection:"0", Cache-Control:"no-cache, no-store, max-age=0, must-revalidate", Pragma:"no-cache", Expires:"0"]
     Content type = application/json
             Body = {"id":6,"name":"yszdfpcqjzpcpsvtnpehpfjttcrqejhaugccdxznmaminprzhxffcugadanjlxmmkbglsxnnnlryowedodjshuaiphangogazdynmwekmmhtjfewsuurlqgmuzvpzmfwebaxqstcguoaaptsnokfjalrlwwkwvryuhcuwjcspjyidufoiuljuwpncrmyllwtgtifsohewdxizbjgcoomomyqkonuhzbhitycdoweysujslknblgyexgeuqiciplfsxmqqpdtkasbivalqmtsykwpangbmmjhohtgiomibwkxpltqyiqwdvefuyqkilqujtbgrxntqehdnxhlssijgbrpfyigwgalwmwqpvhzomvhiznrpctkzswsbvacimxsgdxqsndqonmyclmryavqpkywevbryojnsbkepuozlwftlwfqhyvmiesisyilmgmsqhhihelvitvgnooudsllkgapugdngqcbdbskpzlgljbadmfvvvnfxppsmirddbagddqzonehbtpccezswqvcxxbfupteayjpqnvhemgptvfkeiktwqowfkcdrghjfsaln"}
    Forwarded URL = null
   Redirected URL = null
          Cookies = []
]]></system-out>
  <system-err><![CDATA[]]></system-err>
</testsuite>
